New log file opened at Sat May 30 17:45:26 MDT 2015 by 7368@MBP-de-Javier-2.lan
Taking next connection to: 54534
New client attempting to connect on port: 54535-54534
  Address = /192.168.1.67:54534
This client on port 54535 has uuid effe7976-961d-49a1-963c-ea93bcea2f2f configName activator humanReadableName Activator protocolVersion 1 featureTags Vector()
Connected Clients: activator-effe7976-961d-49a1-963c-ea93bcea2f2f
Taking next connection to: 54534
Checking to see if clients are empty...
We have 1 non-daemon clients, continuing serving connections.
Taking next connection to: 54534
New client attempting to connect on port: 54597-54534
  Address = /192.168.1.67:54534
Handshake exception on socket: 54597
sbt.impl.ipc.HandshakeException: Unable to perform handshake
	at sbt.impl.ipc.Peer.handshake(IPC.scala:46)
	at sbt.impl.ipc.MultiClientServer.<init>(IPC.scala:150)
	at sbt.server.SbtServerSocketHandler$$anon$1.run(SbtServerSocketHandler.scala:43)
Caused by: java.io.EOFException
	at java.io.DataInputStream.readInt(DataInputStream.java:392)
	at sbt.impl.ipc.Peer.receive(IPC.scala:95)
	at sbt.impl.ipc.Peer.handshake(IPC.scala:49)
	... 2 more
Taking next connection to: 54534
New client attempting to connect on port: 54598-54534
  Address = /192.168.1.67:54534
This client on port 54598 has uuid bc0aeb61-bb00-4f46-83a4-09ee0661cdca configName play-fork-run humanReadableName Play Fork Run protocolVersion 1 featureTags Vector()
Connected Clients: activator-effe7976-961d-49a1-963c-ea93bcea2f2f, play-fork-run-bc0aeb61-bb00-4f46-83a4-09ee0661cdca
Taking next connection to: 54534
Checking to see if clients are empty...
We have 1 non-daemon clients, continuing serving connections.
Taking next connection to: 54534
Checking to see if clients are empty...
We have 1 non-daemon clients, continuing serving connections.
Taking next connection to: 54534
Checking to see if clients are empty...
We have 1 non-daemon clients, continuing serving connections.
Taking next connection to: 54534
Checking to see if clients are empty...
We have 1 non-daemon clients, continuing serving connections.
Taking next connection to: 54534
Checking to see if clients are empty...
We have 1 non-daemon clients, continuing serving connections.
Taking next connection to: 54534
Checking to see if clients are empty...
We have 1 non-daemon clients, continuing serving connections.
Taking next connection to: 54534
Checking to see if clients are empty...
We have 1 non-daemon clients, continuing serving connections.
Taking next connection to: 54534
Checking to see if clients are empty...
We have 1 non-daemon clients, continuing serving connections.
Taking next connection to: 54534
