New log file opened at Sat May 30 18:50:20 MDT 2015 by 8356@User37
Sending msg to client play-fork-run-e8659104-f44d-4a87-a4b2-9de49eaa6127: DetachedLogEvent(LogMessage(debug,sbt server socket logs are in: /home/ozzie/Desktop/FacturacionElectronica3P-master/FacturacionElectronicaProyecto/.sbtserver/connections/master.log))
Sending msg to client play-fork-run-e8659104-f44d-4a87-a4b2-9de49eaa6127: DetachedLogEvent(LogMessage(debug,sbt client logs are in: /home/ozzie/Desktop/FacturacionElectronica3P-master/FacturacionElectronicaProyecto/.sbtserver/connections/play-fork-run-e8659104-f44d-4a87-a4b2-9de49eaa6127.log))
Sending msg to client play-fork-run-e8659104-f44d-4a87-a4b2-9de49eaa6127: DetachedLogEvent(LogMessage(debug,sbt general server logs are in: /home/ozzie/Desktop/FacturacionElectronica3P-master/FacturacionElectronicaProyecto/.sbtserver/master.log))
Reading next message from client.
Got request: DaemonRequest(true)
Reading next message from client.
Sending msg to client play-fork-run-e8659104-f44d-4a87-a4b2-9de49eaa6127: (3,ReceivedResponse())
Got request: ListenToEvents()
Reading next message from client.
Sending msg to client play-fork-run-e8659104-f44d-4a87-a4b2-9de49eaa6127: BackgroundJobStarted(7,BackgroundJobInfo(1,backgroundRun,AttributeKey[sbt.BackgroundJobHandle]("backgroundRun") in Scope(Build: file:/home/ozzie/Desktop/FacturacionElectronica3P-master/FacturacionElectronicaProyecto/, , Project: ProjectReference(file:/home/ozzie/Desktop/FacturacionElectronica3P-master/FacturacionElectronicaProyecto/,root), Config: compile)))
Sending msg to client play-fork-run-e8659104-f44d-4a87-a4b2-9de49eaa6127: (4,ReceivedResponse())
Got request: KeyLookupRequest(root/playForkConfig)
Reading next message from client.
Sending msg to client play-fork-run-e8659104-f44d-4a87-a4b2-9de49eaa6127: (5,KeyLookupResponse(root/playForkConfig,Vector(AttributeKey[play.forkrun.protocol.ForkConfig]("playForkConfig") in Scope(Build: file:/home/ozzie/Desktop/FacturacionElectronica3P-master/FacturacionElectronicaProyecto/, , Project: ProjectReference(file:/home/ozzie/Desktop/FacturacionElectronica3P-master/FacturacionElectronicaProyecto/,root)))))
Got request: ListenToValue(AttributeKey[play.forkrun.protocol.ForkConfig]("playForkConfig") in Scope(Build: file:/home/ozzie/Desktop/FacturacionElectronica3P-master/FacturacionElectronicaProyecto/, , Project: ProjectReference(file:/home/ozzie/Desktop/FacturacionElectronica3P-master/FacturacionElectronicaProyecto/,root)))
Sending msg to client play-fork-run-e8659104-f44d-4a87-a4b2-9de49eaa6127: (6,ReceivedResponse())
Reading next message from client.
Got request: KeyExecutionRequest(AttributeKey[play.forkrun.protocol.ForkConfig]("playForkConfig") in Scope(Build: file:/home/ozzie/Desktop/FacturacionElectronica3P-master/FacturacionElectronicaProyecto/, , Project: ProjectReference(file:/home/ozzie/Desktop/FacturacionElectronica3P-master/FacturacionElectronicaProyecto/,root)))
Sending msg to client play-fork-run-e8659104-f44d-4a87-a4b2-9de49eaa6127: (7,ExecutionRequestReceived(8))
Reading next message from client.
Sending msg to client play-fork-run-e8659104-f44d-4a87-a4b2-9de49eaa6127: ExecutionWaiting(8,{file:/home/ozzie/Desktop/FacturacionElectronica3P-master/FacturacionElectronicaProyecto/}root/*:playForkConfig,ClientInfo(e8659104-f44d-4a87-a4b2-9de49eaa6127,play-fork-run,Play Fork Run,1,Vector()))
Sending msg to client play-fork-run-e8659104-f44d-4a87-a4b2-9de49eaa6127: ExecutionStarting(8)
Sending msg to client play-fork-run-e8659104-f44d-4a87-a4b2-9de49eaa6127: DetachedLogEvent(LogMessage(debug,> {file:/home/ozzie/Desktop/FacturacionElectronica3P-master/FacturacionElectronicaProyecto/}root/*:playForkConfig))
Sending msg to client play-fork-run-e8659104-f44d-4a87-a4b2-9de49eaa6127: DetachedLogEvent(LogMessage(debug,Evaluating tasks: *:playForkConfig))
Sending msg to client play-fork-run-e8659104-f44d-4a87-a4b2-9de49eaa6127: DetachedLogEvent(LogMessage(debug,Running task... Cancel: sbt.server.ServerTaskCancellation@111ceed8, check cycles: false))
Sending msg to client play-fork-run-e8659104-f44d-4a87-a4b2-9de49eaa6127: DetachedLogEvent(LogMessage(debug,cancel strategy start enabled=true lastCommand=Some(LastCommand(CommandExecutionWork(ExecutionId(8),{file:/home/ozzie/Desktop/FacturacionElectronica3P-master/FacturacionElectronicaProyecto/}root/*:playForkConfig,Set(LiveClient(play-fork-run e8659104-f44d-4a87-a4b2-9de49eaa6127)),sbt.server.WorkCancellationStatus$$anon$1@5180f93c)))))
Sending msg to client play-fork-run-e8659104-f44d-4a87-a4b2-9de49eaa6127: TaskStarted(8,640,Some(AttributeKey[scala.collection.Seq[java.lang.String]]("javaOptions") in Scope(Global)))
Sending msg to client play-fork-run-e8659104-f44d-4a87-a4b2-9de49eaa6127: TaskStarted(8,645,None)
Sending msg to client play-fork-run-e8659104-f44d-4a87-a4b2-9de49eaa6127: TaskStarted(8,646,None)
Sending msg to client play-fork-run-e8659104-f44d-4a87-a4b2-9de49eaa6127: TaskStarted(8,647,Some(AttributeKey[java.lang.String]("updateCacheName") in Scope(Build: file:/home/ozzie/Desktop/FacturacionElectronica3P-master/FacturacionElectronicaProyecto/, , Project: ProjectReference(file:/home/ozzie/Desktop/FacturacionElectronica3P-master/FacturacionElectronicaProyecto/,root))))
Sending msg to client play-fork-run-e8659104-f44d-4a87-a4b2-9de49eaa6127: TaskStarted(8,648,None)
Sending msg to client play-fork-run-e8659104-f44d-4a87-a4b2-9de49eaa6127: TaskStarted(8,653,None)
Sending msg to client play-fork-run-e8659104-f44d-4a87-a4b2-9de49eaa6127: TaskStarted(8,655,None)
Sending msg to client play-fork-run-e8659104-f44d-4a87-a4b2-9de49eaa6127: TaskStarted(8,656,None)
Sending msg to client play-fork-run-e8659104-f44d-4a87-a4b2-9de49eaa6127: TaskStarted(8,662,Some(AttributeKey[scala.collection.Seq[sbt.Credentials]]("credentials") in Scope(Global)))
Sending msg to client play-fork-run-e8659104-f44d-4a87-a4b2-9de49eaa6127: TaskStarted(8,670,Some(AttributeKey[scala.collection.Seq[sbt.Resolver]]("externalResolvers") in Scope(Build: file:/home/ozzie/Desktop/FacturacionElectronica3P-master/FacturacionElectronicaProyecto/, , Project: ProjectReference(file:/home/ozzie/Desktop/FacturacionElectronica3P-master/FacturacionElectronicaProyecto/,root))))
Sending msg to client play-fork-run-e8659104-f44d-4a87-a4b2-9de49eaa6127: TaskStarted(8,671,Some(AttributeKey[scala.Option[scala.collection.Seq[sbt.Resolver]]]("bootResolvers") in Scope(Build: file:/home/ozzie/Desktop/FacturacionElectronica3P-master/FacturacionElectronicaProyecto/, , Project: ProjectReference(file:/home/ozzie/Desktop/FacturacionElectronica3P-master/FacturacionElectronicaProyecto/,root))))
Sending msg to client play-fork-run-e8659104-f44d-4a87-a4b2-9de49eaa6127: TaskStarted(8,672,Some(AttributeKey[boolean]("skip") in Scope(Global)))
Sending msg to client play-fork-run-e8659104-f44d-4a87-a4b2-9de49eaa6127: TaskStarted(8,685,None)
Sending msg to client play-fork-run-e8659104-f44d-4a87-a4b2-9de49eaa6127: TaskStarted(8,693,Some(AttributeKey[scala.Tuple2[java.lang.String,java.io.File]]("playPrefixAndAssets") in Scope(Build: file:/home/ozzie/Desktop/FacturacionElectronica3P-master/FacturacionElectronicaProyecto/, , Project: ProjectReference(file:/home/ozzie/Desktop/FacturacionElectronica3P-master/FacturacionElectronicaProyecto/,root))))
Sending msg to client play-fork-run-e8659104-f44d-4a87-a4b2-9de49eaa6127: TaskFinished(8,640,Some(AttributeKey[scala.collection.Seq[java.lang.String]]("javaOptions") in Scope(Global)),true,None)
Sending msg to client play-fork-run-e8659104-f44d-4a87-a4b2-9de49eaa6127: TaskFinished(8,645,None,true,None)
Sending msg to client play-fork-run-e8659104-f44d-4a87-a4b2-9de49eaa6127: TaskStarted(8,644,None)
Sending msg to client play-fork-run-e8659104-f44d-4a87-a4b2-9de49eaa6127: TaskStarted(8,663,None)
Sending msg to client play-fork-run-e8659104-f44d-4a87-a4b2-9de49eaa6127: TaskStarted(8,665,None)
Sending msg to client play-fork-run-e8659104-f44d-4a87-a4b2-9de49eaa6127: TaskStarted(8,669,None)
Sending msg to client play-fork-run-e8659104-f44d-4a87-a4b2-9de49eaa6127: TaskStarted(8,675,None)
Sending msg to client play-fork-run-e8659104-f44d-4a87-a4b2-9de49eaa6127: TaskStarted(8,680,None)
Sending msg to client play-fork-run-e8659104-f44d-4a87-a4b2-9de49eaa6127: TaskStarted(8,687,None)
Sending msg to client play-fork-run-e8659104-f44d-4a87-a4b2-9de49eaa6127: TaskStarted(8,689,None)
Sending msg to client play-fork-run-e8659104-f44d-4a87-a4b2-9de49eaa6127: TaskFinished(8,647,Some(AttributeKey[java.lang.String]("updateCacheName") in Scope(Build: file:/home/ozzie/Desktop/FacturacionElectronica3P-master/FacturacionElectronicaProyecto/, , Project: ProjectReference(file:/home/ozzie/Desktop/FacturacionElectronica3P-master/FacturacionElectronicaProyecto/,root))),true,None)
Sending msg to client play-fork-run-e8659104-f44d-4a87-a4b2-9de49eaa6127: TaskFinished(8,648,None,true,None)
Sending msg to client play-fork-run-e8659104-f44d-4a87-a4b2-9de49eaa6127: TaskStarted(8,649,Some(AttributeKey[java.io.File]("dependencyCacheDirectory") in Scope(Build: file:/home/ozzie/Desktop/FacturacionElectronica3P-master/FacturacionElectronicaProyecto/, , Project: ProjectReference(file:/home/ozzie/Desktop/FacturacionElectronica3P-master/FacturacionElectronicaProyecto/,root))))
Sending msg to client play-fork-run-e8659104-f44d-4a87-a4b2-9de49eaa6127: TaskStarted(8,652,Some(AttributeKey[sbt.BuildStructure]("buildStructure") in Scope(Global)))
Sending msg to client play-fork-run-e8659104-f44d-4a87-a4b2-9de49eaa6127: TaskStarted(8,676,Some(AttributeKey[scala.collection.Seq[java.lang.String]]("playMonitoredFiles") in Scope(Build: file:/home/ozzie/Desktop/FacturacionElectronica3P-master/FacturacionElectronicaProyecto/, , Project: ProjectReference(file:/home/ozzie/Desktop/FacturacionElectronica3P-master/FacturacionElectronicaProyecto/,root))))
Sending msg to client play-fork-run-e8659104-f44d-4a87-a4b2-9de49eaa6127: TaskFinished(8,646,None,true,None)
Sending msg to client play-fork-run-e8659104-f44d-4a87-a4b2-9de49eaa6127: TaskFinished(8,653,None,true,None)
Sending msg to client play-fork-run-e8659104-f44d-4a87-a4b2-9de49eaa6127: TaskFinished(8,655,None,true,None)
Sending msg to client play-fork-run-e8659104-f44d-4a87-a4b2-9de49eaa6127: TaskFinished(8,656,None,true,None)
Sending msg to client play-fork-run-e8659104-f44d-4a87-a4b2-9de49eaa6127: TaskStarted(8,654,Some(AttributeKey[scala.collection.Seq[sbt.UpdateReport]]("transitiveUpdate") in Scope(Build: file:/home/ozzie/Desktop/FacturacionElectronica3P-master/FacturacionElectronicaProyecto/, , Project: ProjectReference(file:/home/ozzie/Desktop/FacturacionElectronica3P-master/FacturacionElectronicaProyecto/,root))))
Sending msg to client play-fork-run-e8659104-f44d-4a87-a4b2-9de49eaa6127: TaskFinished(8,662,Some(AttributeKey[scala.collection.Seq[sbt.Credentials]]("credentials") in Scope(Global)),true,None)
Sending msg to client play-fork-run-e8659104-f44d-4a87-a4b2-9de49eaa6127: TaskFinished(8,670,Some(AttributeKey[scala.collection.Seq[sbt.Resolver]]("externalResolvers") in Scope(Build: file:/home/ozzie/Desktop/FacturacionElectronica3P-master/FacturacionElectronicaProyecto/, , Project: ProjectReference(file:/home/ozzie/Desktop/FacturacionElectronica3P-master/FacturacionElectronicaProyecto/,root))),true,None)
Sending msg to client play-fork-run-e8659104-f44d-4a87-a4b2-9de49eaa6127: TaskFinished(8,671,Some(AttributeKey[scala.Option[scala.collection.Seq[sbt.Resolver]]]("bootResolvers") in Scope(Build: file:/home/ozzie/Desktop/FacturacionElectronica3P-master/FacturacionElectronicaProyecto/, , Project: ProjectReference(file:/home/ozzie/Desktop/FacturacionElectronica3P-master/FacturacionElectronicaProyecto/,root))),true,None)
Sending msg to client play-fork-run-e8659104-f44d-4a87-a4b2-9de49eaa6127: TaskFinished(8,672,Some(AttributeKey[boolean]("skip") in Scope(Global)),true,None)
Sending msg to client play-fork-run-e8659104-f44d-4a87-a4b2-9de49eaa6127: TaskFinished(8,685,None,true,None)
Sending msg to client play-fork-run-e8659104-f44d-4a87-a4b2-9de49eaa6127: TaskFinished(8,693,Some(AttributeKey[scala.Tuple2[java.lang.String,java.io.File]]("playPrefixAndAssets") in Scope(Build: file:/home/ozzie/Desktop/FacturacionElectronica3P-master/FacturacionElectronicaProyecto/, , Project: ProjectReference(file:/home/ozzie/Desktop/FacturacionElectronica3P-master/FacturacionElectronicaProyecto/,root))),true,None)
Sending msg to client play-fork-run-e8659104-f44d-4a87-a4b2-9de49eaa6127: TaskStarted(8,692,None)
Sending msg to client play-fork-run-e8659104-f44d-4a87-a4b2-9de49eaa6127: TaskFinished(8,644,None,true,None)
Sending msg to client play-fork-run-e8659104-f44d-4a87-a4b2-9de49eaa6127: TaskFinished(8,663,None,true,None)
Sending msg to client play-fork-run-e8659104-f44d-4a87-a4b2-9de49eaa6127: TaskFinished(8,665,None,true,None)
Sending msg to client play-fork-run-e8659104-f44d-4a87-a4b2-9de49eaa6127: TaskFinished(8,669,None,true,None)
Sending msg to client play-fork-run-e8659104-f44d-4a87-a4b2-9de49eaa6127: TaskFinished(8,675,None,true,None)
Sending msg to client play-fork-run-e8659104-f44d-4a87-a4b2-9de49eaa6127: TaskStarted(8,674,Some(AttributeKey[scala.collection.immutable.Map[sbt.ModuleID,sbt.SourcePosition]]("dependencyPositions") in Scope(Build: file:/home/ozzie/Desktop/FacturacionElectronica3P-master/FacturacionElectronicaProyecto/, , Project: ProjectReference(file:/home/ozzie/Desktop/FacturacionElectronica3P-master/FacturacionElectronicaProyecto/,root))))
Sending msg to client play-fork-run-e8659104-f44d-4a87-a4b2-9de49eaa6127: TaskFinished(8,680,None,true,None)
Sending msg to client play-fork-run-e8659104-f44d-4a87-a4b2-9de49eaa6127: TaskFinished(8,687,None,true,None)
Sending msg to client play-fork-run-e8659104-f44d-4a87-a4b2-9de49eaa6127: TaskFinished(8,689,None,true,None)
Sending msg to client play-fork-run-e8659104-f44d-4a87-a4b2-9de49eaa6127: TaskFinished(8,649,Some(AttributeKey[java.io.File]("dependencyCacheDirectory") in Scope(Build: file:/home/ozzie/Desktop/FacturacionElectronica3P-master/FacturacionElectronicaProyecto/, , Project: ProjectReference(file:/home/ozzie/Desktop/FacturacionElectronica3P-master/FacturacionElectronicaProyecto/,root))),true,None)
Sending msg to client play-fork-run-e8659104-f44d-4a87-a4b2-9de49eaa6127: TaskFinished(8,652,Some(AttributeKey[sbt.BuildStructure]("buildStructure") in Scope(Global)),true,None)
Sending msg to client play-fork-run-e8659104-f44d-4a87-a4b2-9de49eaa6127: TaskStarted(8,651,Some(AttributeKey[sbt.Settings[sbt.Scope]]("settingsData") in Scope(Global)))
Sending msg to client play-fork-run-e8659104-f44d-4a87-a4b2-9de49eaa6127: TaskFinished(8,676,Some(AttributeKey[scala.collection.Seq[java.lang.String]]("playMonitoredFiles") in Scope(Build: file:/home/ozzie/Desktop/FacturacionElectronica3P-master/FacturacionElectronicaProyecto/, , Project: ProjectReference(file:/home/ozzie/Desktop/FacturacionElectronica3P-master/FacturacionElectronicaProyecto/,root))),true,None)
Sending msg to client play-fork-run-e8659104-f44d-4a87-a4b2-9de49eaa6127: TaskFinished(8,654,Some(AttributeKey[scala.collection.Seq[sbt.UpdateReport]]("transitiveUpdate") in Scope(Build: file:/home/ozzie/Desktop/FacturacionElectronica3P-master/FacturacionElectronicaProyecto/, , Project: ProjectReference(file:/home/ozzie/Desktop/FacturacionElectronica3P-master/FacturacionElectronicaProyecto/,root))),true,None)
Sending msg to client play-fork-run-e8659104-f44d-4a87-a4b2-9de49eaa6127: TaskFinished(8,692,None,true,None)
Sending msg to client play-fork-run-e8659104-f44d-4a87-a4b2-9de49eaa6127: TaskStarted(8,691,None)
Sending msg to client play-fork-run-e8659104-f44d-4a87-a4b2-9de49eaa6127: TaskFinished(8,674,Some(AttributeKey[scala.collection.immutable.Map[sbt.ModuleID,sbt.SourcePosition]]("dependencyPositions") in Scope(Build: file:/home/ozzie/Desktop/FacturacionElectronica3P-master/FacturacionElectronicaProyecto/, , Project: ProjectReference(file:/home/ozzie/Desktop/FacturacionElectronica3P-master/FacturacionElectronicaProyecto/,root))),true,None)
Sending msg to client play-fork-run-e8659104-f44d-4a87-a4b2-9de49eaa6127: TaskStarted(8,673,Some(AttributeKey[sbt.UnresolvedWarningConfiguration]("unresolvedWarningConfiguration") in Scope(Build: file:/home/ozzie/Desktop/FacturacionElectronica3P-master/FacturacionElectronicaProyecto/, , Project: ProjectReference(file:/home/ozzie/Desktop/FacturacionElectronica3P-master/FacturacionElectronicaProyecto/,root), Task: AttributeKey[sbt.UpdateReport]("update"))))
Sending msg to client play-fork-run-e8659104-f44d-4a87-a4b2-9de49eaa6127: TaskFinished(8,651,Some(AttributeKey[sbt.Settings[sbt.Scope]]("settingsData") in Scope(Global)),true,None)
Sending msg to client play-fork-run-e8659104-f44d-4a87-a4b2-9de49eaa6127: TaskStarted(8,650,None)
Sending msg to client play-fork-run-e8659104-f44d-4a87-a4b2-9de49eaa6127: TaskStarted(8,660,Some(AttributeKey[scala.collection.Seq[sbt.ModuleID]]("projectDependencies") in Scope(Build: file:/home/ozzie/Desktop/FacturacionElectronica3P-master/FacturacionElectronicaProyecto/, , Project: ProjectReference(file:/home/ozzie/Desktop/FacturacionElectronica3P-master/FacturacionElectronicaProyecto/,root))))
Sending msg to client play-fork-run-e8659104-f44d-4a87-a4b2-9de49eaa6127: TaskStarted(8,668,Some(AttributeKey[scala.collection.immutable.Map[org.apache.ivy.core.module.id.ModuleRevisionId,org.apache.ivy.core.module.descriptor.ModuleDescriptor]]("projectDescriptors") in Scope(Build: file:/home/ozzie/Desktop/FacturacionElectronica3P-master/FacturacionElectronicaProyecto/, , Project: ProjectReference(file:/home/ozzie/Desktop/FacturacionElectronica3P-master/FacturacionElectronicaProyecto/,root))))
Sending msg to client play-fork-run-e8659104-f44d-4a87-a4b2-9de49eaa6127: TaskStarted(8,688,None)
Sending msg to client play-fork-run-e8659104-f44d-4a87-a4b2-9de49eaa6127: TaskFinished(8,691,None,true,None)
Sending msg to client play-fork-run-e8659104-f44d-4a87-a4b2-9de49eaa6127: TaskStarted(8,690,Some(AttributeKey[scala.collection.Seq[scala.Tuple2[java.lang.String,java.io.File]]]("playAllAssets") in Scope(Build: file:/home/ozzie/Desktop/FacturacionElectronica3P-master/FacturacionElectronicaProyecto/, , Project: ProjectReference(file:/home/ozzie/Desktop/FacturacionElectronica3P-master/FacturacionElectronicaProyecto/,root))))
Sending msg to client play-fork-run-e8659104-f44d-4a87-a4b2-9de49eaa6127: TaskFinished(8,673,Some(AttributeKey[sbt.UnresolvedWarningConfiguration]("unresolvedWarningConfiguration") in Scope(Build: file:/home/ozzie/Desktop/FacturacionElectronica3P-master/FacturacionElectronicaProyecto/, , Project: ProjectReference(file:/home/ozzie/Desktop/FacturacionElectronica3P-master/FacturacionElectronicaProyecto/,root), Task: AttributeKey[sbt.UpdateReport]("update"))),true,None)
Sending msg to client play-fork-run-e8659104-f44d-4a87-a4b2-9de49eaa6127: TaskStarted(8,694,None)
Sending msg to client play-fork-run-e8659104-f44d-4a87-a4b2-9de49eaa6127: TaskFinished(8,660,Some(AttributeKey[scala.collection.Seq[sbt.ModuleID]]("projectDependencies") in Scope(Build: file:/home/ozzie/Desktop/FacturacionElectronica3P-master/FacturacionElectronicaProyecto/, , Project: ProjectReference(file:/home/ozzie/Desktop/FacturacionElectronica3P-master/FacturacionElectronicaProyecto/,root))),true,None)
Sending msg to client play-fork-run-e8659104-f44d-4a87-a4b2-9de49eaa6127: TaskStarted(8,659,Some(AttributeKey[scala.collection.Seq[sbt.ModuleID]]("allDependencies") in Scope(Build: file:/home/ozzie/Desktop/FacturacionElectronica3P-master/FacturacionElectronicaProyecto/, , Project: ProjectReference(file:/home/ozzie/Desktop/FacturacionElectronica3P-master/FacturacionElectronicaProyecto/,root))))
Sending msg to client play-fork-run-e8659104-f44d-4a87-a4b2-9de49eaa6127: TaskStarted(8,696,None)
Sending msg to client play-fork-run-e8659104-f44d-4a87-a4b2-9de49eaa6127: TaskStarted(8,700,None)
Sending msg to client play-fork-run-e8659104-f44d-4a87-a4b2-9de49eaa6127: TaskStarted(8,701,None)
Sending msg to client play-fork-run-e8659104-f44d-4a87-a4b2-9de49eaa6127: TaskStarted(8,704,None)
Sending msg to client play-fork-run-e8659104-f44d-4a87-a4b2-9de49eaa6127: TaskStarted(8,706,None)
Sending msg to client play-fork-run-e8659104-f44d-4a87-a4b2-9de49eaa6127: TaskStarted(8,707,None)
Sending msg to client play-fork-run-e8659104-f44d-4a87-a4b2-9de49eaa6127: TaskFinished(8,690,Some(AttributeKey[scala.collection.Seq[scala.Tuple2[java.lang.String,java.io.File]]]("playAllAssets") in Scope(Build: file:/home/ozzie/Desktop/FacturacionElectronica3P-master/FacturacionElectronicaProyecto/, , Project: ProjectReference(file:/home/ozzie/Desktop/FacturacionElectronica3P-master/FacturacionElectronicaProyecto/,root))),true,None)
Sending msg to client play-fork-run-e8659104-f44d-4a87-a4b2-9de49eaa6127: TaskFinished(8,694,None,true,None)
Sending msg to client play-fork-run-e8659104-f44d-4a87-a4b2-9de49eaa6127: TaskFinished(8,650,None,true,None)
Sending msg to client play-fork-run-e8659104-f44d-4a87-a4b2-9de49eaa6127: TaskFinished(8,659,Some(AttributeKey[scala.collection.Seq[sbt.ModuleID]]("allDependencies") in Scope(Build: file:/home/ozzie/Desktop/FacturacionElectronica3P-master/FacturacionElectronicaProyecto/, , Project: ProjectReference(file:/home/ozzie/Desktop/FacturacionElectronica3P-master/FacturacionElectronicaProyecto/,root))),true,None)
Sending msg to client play-fork-run-e8659104-f44d-4a87-a4b2-9de49eaa6127: TaskStarted(8,658,Some(AttributeKey[sbt.ModuleSettings]("moduleSettings") in Scope(Build: file:/home/ozzie/Desktop/FacturacionElectronica3P-master/FacturacionElectronicaProyecto/, , Project: ProjectReference(file:/home/ozzie/Desktop/FacturacionElectronica3P-master/FacturacionElectronicaProyecto/,root))))
Sending msg to client play-fork-run-e8659104-f44d-4a87-a4b2-9de49eaa6127: TaskFinished(8,696,None,true,None)
Sending msg to client play-fork-run-e8659104-f44d-4a87-a4b2-9de49eaa6127: TaskStarted(8,695,None)
Sending msg to client play-fork-run-e8659104-f44d-4a87-a4b2-9de49eaa6127: TaskFinished(8,700,None,true,None)
Sending msg to client play-fork-run-e8659104-f44d-4a87-a4b2-9de49eaa6127: TaskFinished(8,701,None,true,None)
Sending msg to client play-fork-run-e8659104-f44d-4a87-a4b2-9de49eaa6127: TaskStarted(8,699,Some(AttributeKey[scala.collection.Seq[sbt.Attributed[java.io.File]]]("unmanagedJars") in Scope(Build: file:/home/ozzie/Desktop/FacturacionElectronica3P-master/FacturacionElectronicaProyecto/, , Project: ProjectReference(file:/home/ozzie/Desktop/FacturacionElectronica3P-master/FacturacionElectronicaProyecto/,root), Config: runtime)))
Sending msg to client play-fork-run-e8659104-f44d-4a87-a4b2-9de49eaa6127: TaskFinished(8,704,None,true,None)
Sending msg to client play-fork-run-e8659104-f44d-4a87-a4b2-9de49eaa6127: TaskStarted(8,703,None)
Sending msg to client play-fork-run-e8659104-f44d-4a87-a4b2-9de49eaa6127: TaskFinished(8,706,None,true,None)
Sending msg to client play-fork-run-e8659104-f44d-4a87-a4b2-9de49eaa6127: TaskFinished(8,707,None,true,None)
Sending msg to client play-fork-run-e8659104-f44d-4a87-a4b2-9de49eaa6127: TaskStarted(8,705,Some(AttributeKey[scala.collection.Seq[sbt.Attributed[java.io.File]]]("unmanagedJars") in Scope(Build: file:/home/ozzie/Desktop/FacturacionElectronica3P-master/FacturacionElectronicaProyecto/, , Project: ProjectReference(file:/home/ozzie/Desktop/FacturacionElectronica3P-master/FacturacionElectronicaProyecto/,root), Config: compile)))
Sending msg to client play-fork-run-e8659104-f44d-4a87-a4b2-9de49eaa6127: TaskFinished(8,658,Some(AttributeKey[sbt.ModuleSettings]("moduleSettings") in Scope(Build: file:/home/ozzie/Desktop/FacturacionElectronica3P-master/FacturacionElectronicaProyecto/, , Project: ProjectReference(file:/home/ozzie/Desktop/FacturacionElectronica3P-master/FacturacionElectronicaProyecto/,root))),true,None)
Sending msg to client play-fork-run-e8659104-f44d-4a87-a4b2-9de49eaa6127: TaskFinished(8,695,None,true,None)
Sending msg to client play-fork-run-e8659104-f44d-4a87-a4b2-9de49eaa6127: TaskFinished(8,668,Some(AttributeKey[scala.collection.immutable.Map[org.apache.ivy.core.module.id.ModuleRevisionId,org.apache.ivy.core.module.descriptor.ModuleDescriptor]]("projectDescriptors") in Scope(Build: file:/home/ozzie/Desktop/FacturacionElectronica3P-master/FacturacionElectronicaProyecto/, , Project: ProjectReference(file:/home/ozzie/Desktop/FacturacionElectronica3P-master/FacturacionElectronicaProyecto/,root))),true,None)
Sending msg to client play-fork-run-e8659104-f44d-4a87-a4b2-9de49eaa6127: TaskStarted(8,667,Some(AttributeKey[sbt.Resolver]("projectResolver") in Scope(Build: file:/home/ozzie/Desktop/FacturacionElectronica3P-master/FacturacionElectronicaProyecto/, , Project: ProjectReference(file:/home/ozzie/Desktop/FacturacionElectronica3P-master/FacturacionElectronicaProyecto/,root))))
Sending msg to client play-fork-run-e8659104-f44d-4a87-a4b2-9de49eaa6127: TaskFinished(8,699,Some(AttributeKey[scala.collection.Seq[sbt.Attributed[java.io.File]]]("unmanagedJars") in Scope(Build: file:/home/ozzie/Desktop/FacturacionElectronica3P-master/FacturacionElectronicaProyecto/, , Project: ProjectReference(file:/home/ozzie/Desktop/FacturacionElectronica3P-master/FacturacionElectronicaProyecto/,root), Config: runtime)),true,None)
Sending msg to client play-fork-run-e8659104-f44d-4a87-a4b2-9de49eaa6127: TaskStarted(8,708,None)
Sending msg to client play-fork-run-e8659104-f44d-4a87-a4b2-9de49eaa6127: TaskFinished(8,705,Some(AttributeKey[scala.collection.Seq[sbt.Attributed[java.io.File]]]("unmanagedJars") in Scope(Build: file:/home/ozzie/Desktop/FacturacionElectronica3P-master/FacturacionElectronicaProyecto/, , Project: ProjectReference(file:/home/ozzie/Desktop/FacturacionElectronica3P-master/FacturacionElectronicaProyecto/,root), Config: compile)),true,None)
Sending msg to client play-fork-run-e8659104-f44d-4a87-a4b2-9de49eaa6127: TaskFinished(8,667,Some(AttributeKey[sbt.Resolver]("projectResolver") in Scope(Build: file:/home/ozzie/Desktop/FacturacionElectronica3P-master/FacturacionElectronicaProyecto/, , Project: ProjectReference(file:/home/ozzie/Desktop/FacturacionElectronica3P-master/FacturacionElectronicaProyecto/,root))),true,None)
Sending msg to client play-fork-run-e8659104-f44d-4a87-a4b2-9de49eaa6127: TaskStarted(8,666,Some(AttributeKey[scala.collection.Seq[sbt.Resolver]]("fullResolvers") in Scope(Build: file:/home/ozzie/Desktop/FacturacionElectronica3P-master/FacturacionElectronicaProyecto/, , Project: ProjectReference(file:/home/ozzie/Desktop/FacturacionElectronica3P-master/FacturacionElectronicaProyecto/,root))))
Sending msg to client play-fork-run-e8659104-f44d-4a87-a4b2-9de49eaa6127: TaskFinished(8,708,None,true,None)
Sending msg to client play-fork-run-e8659104-f44d-4a87-a4b2-9de49eaa6127: TaskFinished(8,703,None,true,None)
Sending msg to client play-fork-run-e8659104-f44d-4a87-a4b2-9de49eaa6127: TaskStarted(8,702,Some(AttributeKey[scala.collection.Seq[sbt.Attributed[java.io.File]]]("unmanagedJars") in Scope(Build: file:/home/ozzie/Desktop/FacturacionElectronica3P-master/FacturacionElectronicaProyecto/, , Project: ProjectReference(file:/home/ozzie/Desktop/FacturacionElectronica3P-master/FacturacionElectronicaProyecto/,root), Config: compile)))
Sending msg to client play-fork-run-e8659104-f44d-4a87-a4b2-9de49eaa6127: TaskFinished(8,666,Some(AttributeKey[scala.collection.Seq[sbt.Resolver]]("fullResolvers") in Scope(Build: file:/home/ozzie/Desktop/FacturacionElectronica3P-master/FacturacionElectronicaProyecto/, , Project: ProjectReference(file:/home/ozzie/Desktop/FacturacionElectronica3P-master/FacturacionElectronicaProyecto/,root))),true,None)
Sending msg to client play-fork-run-e8659104-f44d-4a87-a4b2-9de49eaa6127: TaskStarted(8,664,Some(AttributeKey[sbt.IvyConfiguration]("ivyConfiguration") in Scope(Build: file:/home/ozzie/Desktop/FacturacionElectronica3P-master/FacturacionElectronicaProyecto/, , Project: ProjectReference(file:/home/ozzie/Desktop/FacturacionElectronica3P-master/FacturacionElectronicaProyecto/,root))))
Sending msg to client play-fork-run-e8659104-f44d-4a87-a4b2-9de49eaa6127: TaskFinished(8,702,Some(AttributeKey[scala.collection.Seq[sbt.Attributed[java.io.File]]]("unmanagedJars") in Scope(Build: file:/home/ozzie/Desktop/FacturacionElectronica3P-master/FacturacionElectronicaProyecto/, , Project: ProjectReference(file:/home/ozzie/Desktop/FacturacionElectronica3P-master/FacturacionElectronicaProyecto/,root), Config: compile)),true,None)
Sending msg to client play-fork-run-e8659104-f44d-4a87-a4b2-9de49eaa6127: TaskStarted(8,698,None)
Sending msg to client play-fork-run-e8659104-f44d-4a87-a4b2-9de49eaa6127: TaskFinished(8,664,Some(AttributeKey[sbt.IvyConfiguration]("ivyConfiguration") in Scope(Build: file:/home/ozzie/Desktop/FacturacionElectronica3P-master/FacturacionElectronicaProyecto/, , Project: ProjectReference(file:/home/ozzie/Desktop/FacturacionElectronica3P-master/FacturacionElectronicaProyecto/,root))),true,None)
Sending msg to client play-fork-run-e8659104-f44d-4a87-a4b2-9de49eaa6127: TaskStarted(8,661,Some(AttributeKey[sbt.IvySbt]("ivySbt") in Scope(Build: file:/home/ozzie/Desktop/FacturacionElectronica3P-master/FacturacionElectronicaProyecto/, , Project: ProjectReference(file:/home/ozzie/Desktop/FacturacionElectronica3P-master/FacturacionElectronicaProyecto/,root))))
Sending msg to client play-fork-run-e8659104-f44d-4a87-a4b2-9de49eaa6127: TaskFinished(8,698,None,true,None)
Sending msg to client play-fork-run-e8659104-f44d-4a87-a4b2-9de49eaa6127: TaskStarted(8,697,None)
Sending msg to client play-fork-run-e8659104-f44d-4a87-a4b2-9de49eaa6127: TaskFinished(8,661,Some(AttributeKey[sbt.IvySbt]("ivySbt") in Scope(Build: file:/home/ozzie/Desktop/FacturacionElectronica3P-master/FacturacionElectronicaProyecto/, , Project: ProjectReference(file:/home/ozzie/Desktop/FacturacionElectronica3P-master/FacturacionElectronicaProyecto/,root))),true,None)
Sending msg to client play-fork-run-e8659104-f44d-4a87-a4b2-9de49eaa6127: TaskStarted(8,657,Some(AttributeKey[sbt.IvySbt$Module]("ivyModule") in Scope(Build: file:/home/ozzie/Desktop/FacturacionElectronica3P-master/FacturacionElectronicaProyecto/, , Project: ProjectReference(file:/home/ozzie/Desktop/FacturacionElectronica3P-master/FacturacionElectronicaProyecto/,root))))
Sending msg to client play-fork-run-e8659104-f44d-4a87-a4b2-9de49eaa6127: TaskFinished(8,697,None,true,None)
Sending msg to client play-fork-run-e8659104-f44d-4a87-a4b2-9de49eaa6127: TaskFinished(8,688,None,true,None)
Sending msg to client play-fork-run-e8659104-f44d-4a87-a4b2-9de49eaa6127: TaskStarted(8,686,Some(AttributeKey[scala.collection.Seq[sbt.Attributed[java.io.File]]]("unmanagedClasspath") in Scope(Build: file:/home/ozzie/Desktop/FacturacionElectronica3P-master/FacturacionElectronicaProyecto/, , Project: ProjectReference(file:/home/ozzie/Desktop/FacturacionElectronica3P-master/FacturacionElectronicaProyecto/,root), Config: runtime)))
Sending msg to client play-fork-run-e8659104-f44d-4a87-a4b2-9de49eaa6127: TaskFinished(8,657,Some(AttributeKey[sbt.IvySbt$Module]("ivyModule") in Scope(Build: file:/home/ozzie/Desktop/FacturacionElectronica3P-master/FacturacionElectronicaProyecto/, , Project: ProjectReference(file:/home/ozzie/Desktop/FacturacionElectronica3P-master/FacturacionElectronicaProyecto/,root))),true,None)
Sending msg to client play-fork-run-e8659104-f44d-4a87-a4b2-9de49eaa6127: TaskStarted(8,643,Some(AttributeKey[sbt.UpdateReport]("update") in Scope(Build: file:/home/ozzie/Desktop/FacturacionElectronica3P-master/FacturacionElectronicaProyecto/, , Project: ProjectReference(file:/home/ozzie/Desktop/FacturacionElectronica3P-master/FacturacionElectronicaProyecto/,root))))
Sending msg to client play-fork-run-e8659104-f44d-4a87-a4b2-9de49eaa6127: TaskFinished(8,686,Some(AttributeKey[scala.collection.Seq[sbt.Attributed[java.io.File]]]("unmanagedClasspath") in Scope(Build: file:/home/ozzie/Desktop/FacturacionElectronica3P-master/FacturacionElectronicaProyecto/, , Project: ProjectReference(file:/home/ozzie/Desktop/FacturacionElectronica3P-master/FacturacionElectronicaProyecto/,root), Config: runtime)),true,None)
Sending msg to client play-fork-run-e8659104-f44d-4a87-a4b2-9de49eaa6127: TaskFinished(8,643,Some(AttributeKey[sbt.UpdateReport]("update") in Scope(Build: file:/home/ozzie/Desktop/FacturacionElectronica3P-master/FacturacionElectronicaProyecto/, , Project: ProjectReference(file:/home/ozzie/Desktop/FacturacionElectronica3P-master/FacturacionElectronicaProyecto/,root))),true,None)
Sending msg to client play-fork-run-e8659104-f44d-4a87-a4b2-9de49eaa6127: TaskStarted(8,642,Some(AttributeKey[sbt.UpdateReport]("update") in Scope(Build: file:/home/ozzie/Desktop/FacturacionElectronica3P-master/FacturacionElectronicaProyecto/, , Project: ProjectReference(file:/home/ozzie/Desktop/FacturacionElectronica3P-master/FacturacionElectronicaProyecto/,root))))
Sending msg to client play-fork-run-e8659104-f44d-4a87-a4b2-9de49eaa6127: TaskFinished(8,642,Some(AttributeKey[sbt.UpdateReport]("update") in Scope(Build: file:/home/ozzie/Desktop/FacturacionElectronica3P-master/FacturacionElectronicaProyecto/, , Project: ProjectReference(file:/home/ozzie/Desktop/FacturacionElectronica3P-master/FacturacionElectronicaProyecto/,root))),true,None)
Sending msg to client play-fork-run-e8659104-f44d-4a87-a4b2-9de49eaa6127: TaskStarted(8,641,Some(AttributeKey[scala.collection.Seq[sbt.Attributed[java.io.File]]]("managedClasspath") in Scope(Build: file:/home/ozzie/Desktop/FacturacionElectronica3P-master/FacturacionElectronicaProyecto/, , Project: ProjectReference(file:/home/ozzie/Desktop/FacturacionElectronica3P-master/FacturacionElectronicaProyecto/,root), Config: docs)))
Sending msg to client play-fork-run-e8659104-f44d-4a87-a4b2-9de49eaa6127: TaskStarted(8,684,Some(AttributeKey[sbt.Configuration]("classpathConfiguration") in Scope(Build: file:/home/ozzie/Desktop/FacturacionElectronica3P-master/FacturacionElectronicaProyecto/, , Project: ProjectReference(file:/home/ozzie/Desktop/FacturacionElectronica3P-master/FacturacionElectronicaProyecto/,root), Config: compile)))
Sending msg to client play-fork-run-e8659104-f44d-4a87-a4b2-9de49eaa6127: TaskFinished(8,684,Some(AttributeKey[sbt.Configuration]("classpathConfiguration") in Scope(Build: file:/home/ozzie/Desktop/FacturacionElectronica3P-master/FacturacionElectronicaProyecto/, , Project: ProjectReference(file:/home/ozzie/Desktop/FacturacionElectronica3P-master/FacturacionElectronicaProyecto/,root), Config: compile)),true,None)
Sending msg to client play-fork-run-e8659104-f44d-4a87-a4b2-9de49eaa6127: TaskStarted(8,683,None)
Sending msg to client play-fork-run-e8659104-f44d-4a87-a4b2-9de49eaa6127: TaskFinished(8,641,Some(AttributeKey[scala.collection.Seq[sbt.Attributed[java.io.File]]]("managedClasspath") in Scope(Build: file:/home/ozzie/Desktop/FacturacionElectronica3P-master/FacturacionElectronicaProyecto/, , Project: ProjectReference(file:/home/ozzie/Desktop/FacturacionElectronica3P-master/FacturacionElectronicaProyecto/,root), Config: docs)),true,None)
Sending msg to client play-fork-run-e8659104-f44d-4a87-a4b2-9de49eaa6127: TaskFinished(8,683,None,true,None)
Sending msg to client play-fork-run-e8659104-f44d-4a87-a4b2-9de49eaa6127: TaskStarted(8,682,Some(AttributeKey[sbt.Configuration]("classpathConfiguration") in Scope(Build: file:/home/ozzie/Desktop/FacturacionElectronica3P-master/FacturacionElectronicaProyecto/, , Project: ProjectReference(file:/home/ozzie/Desktop/FacturacionElectronica3P-master/FacturacionElectronicaProyecto/,root), Config: runtime)))
Sending msg to client play-fork-run-e8659104-f44d-4a87-a4b2-9de49eaa6127: TaskFinished(8,682,Some(AttributeKey[sbt.Configuration]("classpathConfiguration") in Scope(Build: file:/home/ozzie/Desktop/FacturacionElectronica3P-master/FacturacionElectronicaProyecto/, , Project: ProjectReference(file:/home/ozzie/Desktop/FacturacionElectronica3P-master/FacturacionElectronicaProyecto/,root), Config: runtime)),true,None)
Sending msg to client play-fork-run-e8659104-f44d-4a87-a4b2-9de49eaa6127: TaskStarted(8,681,None)
Sending msg to client play-fork-run-e8659104-f44d-4a87-a4b2-9de49eaa6127: TaskFinished(8,681,None,true,None)
Sending msg to client play-fork-run-e8659104-f44d-4a87-a4b2-9de49eaa6127: TaskStarted(8,679,Some(AttributeKey[scala.collection.Seq[sbt.Attributed[java.io.File]]]("managedClasspath") in Scope(Build: file:/home/ozzie/Desktop/FacturacionElectronica3P-master/FacturacionElectronicaProyecto/, , Project: ProjectReference(file:/home/ozzie/Desktop/FacturacionElectronica3P-master/FacturacionElectronicaProyecto/,root), Config: runtime)))
Sending msg to client play-fork-run-e8659104-f44d-4a87-a4b2-9de49eaa6127: TaskFinished(8,679,Some(AttributeKey[scala.collection.Seq[sbt.Attributed[java.io.File]]]("managedClasspath") in Scope(Build: file:/home/ozzie/Desktop/FacturacionElectronica3P-master/FacturacionElectronicaProyecto/, , Project: ProjectReference(file:/home/ozzie/Desktop/FacturacionElectronica3P-master/FacturacionElectronicaProyecto/,root), Config: runtime)),true,None)
Sending msg to client play-fork-run-e8659104-f44d-4a87-a4b2-9de49eaa6127: TaskStarted(8,678,None)
Sending msg to client play-fork-run-e8659104-f44d-4a87-a4b2-9de49eaa6127: TaskFinished(8,678,None,true,None)
Sending msg to client play-fork-run-e8659104-f44d-4a87-a4b2-9de49eaa6127: TaskStarted(8,677,Some(AttributeKey[scala.collection.Seq[sbt.Attributed[java.io.File]]]("playDependencyClasspath") in Scope(Build: file:/home/ozzie/Desktop/FacturacionElectronica3P-master/FacturacionElectronicaProyecto/, , Project: ProjectReference(file:/home/ozzie/Desktop/FacturacionElectronica3P-master/FacturacionElectronicaProyecto/,root))))
Sending msg to client play-fork-run-e8659104-f44d-4a87-a4b2-9de49eaa6127: TaskFinished(8,677,Some(AttributeKey[scala.collection.Seq[sbt.Attributed[java.io.File]]]("playDependencyClasspath") in Scope(Build: file:/home/ozzie/Desktop/FacturacionElectronica3P-master/FacturacionElectronicaProyecto/, , Project: ProjectReference(file:/home/ozzie/Desktop/FacturacionElectronica3P-master/FacturacionElectronicaProyecto/,root))),true,None)
Sending msg to client play-fork-run-e8659104-f44d-4a87-a4b2-9de49eaa6127: TaskStarted(8,639,Some(AttributeKey[play.forkrun.protocol.ForkConfig]("playForkConfig") in Scope(Build: file:/home/ozzie/Desktop/FacturacionElectronica3P-master/FacturacionElectronicaProyecto/, , Project: ProjectReference(file:/home/ozzie/Desktop/FacturacionElectronica3P-master/FacturacionElectronicaProyecto/,root))))
Sending msg to client play-fork-run-e8659104-f44d-4a87-a4b2-9de49eaa6127: TaskFinished(8,639,Some(AttributeKey[play.forkrun.protocol.ForkConfig]("playForkConfig") in Scope(Build: file:/home/ozzie/Desktop/FacturacionElectronica3P-master/FacturacionElectronicaProyecto/, , Project: ProjectReference(file:/home/ozzie/Desktop/FacturacionElectronica3P-master/FacturacionElectronicaProyecto/,root))),true,None)
Sending msg to client play-fork-run-e8659104-f44d-4a87-a4b2-9de49eaa6127: ValueChanged(AttributeKey[play.forkrun.protocol.ForkConfig]("playForkConfig") in Scope(Build: file:/home/ozzie/Desktop/FacturacionElectronica3P-master/FacturacionElectronicaProyecto/, , Project: ProjectReference(file:/home/ozzie/Desktop/FacturacionElectronica3P-master/FacturacionElectronicaProyecto/,root)),TaskSuccess(BuildValue(LazyValue(ForkConfig(/home/ozzie/Desktop/FacturacionElectronica3P-master/FacturacionElectronicaProyecto,List(),List(/home/ozzie/.ivy2/cache/org.scala-lang/scala-library/jars/scala-library-2.11.6.jar, /home/ozzie/.ivy2/cache/com.typesafe.play/twirl-api_2.11/jars/twirl-api_2.11-1.0.2.jar, /home/ozzie/.ivy2/cache/org.apache.commons/commons-lang3/jars/commons-lang3-3.1.jar, /home/ozzie/.ivy2/cache/org.scala-lang.modules/scala-xml_2.11/bundles/scala-xml_2.11-1.0.1.jar, /home/ozzie/.ivy2/cache/com.typesafe.play/play_2.11/jars/play_2.11-2.3.9.jar, /home/ozzie/.ivy2/cache/com.typesafe.play/build-link/jars/build-link-2.3.9.jar, /home/ozzie/.ivy2/cache/com.typesafe.play/play-exceptions/jars/play-exceptions-2.3.9.jar, /home/ozzie/.ivy2/cache/com.typesafe.play/play-iteratees_2.11/jars/play-iteratees_2.11-2.3.9.jar, /home/ozzie/.ivy2/cache/org.scala-stm/scala-stm_2.11/jars/scala-stm_2.11-0.7.jar, /home/ozzie/.ivy2/cache/com.typesafe/config/bundles/config-1.2.1.jar, /home/ozzie/.ivy2/cache/com.typesafe.play/play-json_2.11/jars/play-json_2.11-2.3.9.jar, /home/ozzie/.ivy2/cache/com.typesafe.play/play-functional_2.11/jars/play-functional_2.11-2.3.9.jar, /home/ozzie/.ivy2/cache/com.typesafe.play/play-datacommons_2.11/jars/play-datacommons_2.11-2.3.9.jar, /home/ozzie/.ivy2/cache/joda-time/joda-time/jars/joda-time-2.3.jar, /home/ozzie/.ivy2/cache/org.joda/joda-convert/jars/joda-convert-1.6.jar, /home/ozzie/.ivy2/cache/com.fasterxml.jackson.core/jackson-annotations/bundles/jackson-annotations-2.3.2.jar, /home/ozzie/.ivy2/cache/com.fasterxml.jackson.core/jackson-core/bundles/jackson-core-2.3.2.jar, /home/ozzie/.ivy2/cache/com.fasterxml.jackson.core/jackson-databind/bundles/jackson-databind-2.3.2.jar, /home/ozzie/activator-1.3.2/repository/org.scala-lang/scala-reflect/2.11.1/jars/scala-reflect.jar, /home/ozzie/.ivy2/cache/org.scala-lang.modules/scala-parser-combinators_2.11/bundles/scala-parser-combinators_2.11-1.0.1.jar, /home/ozzie/.ivy2/cache/io.netty/netty/bundles/netty-3.9.8.Final.jar, /home/ozzie/.ivy2/cache/com.typesafe.netty/netty-http-pipelining/jars/netty-http-pipelining-1.1.2.jar, /home/ozzie/.ivy2/cache/org.slf4j/slf4j-api/jars/slf4j-api-1.7.6.jar, /home/ozzie/.ivy2/cache/org.slf4j/jul-to-slf4j/jars/jul-to-slf4j-1.7.6.jar, /home/ozzie/.ivy2/cache/org.slf4j/jcl-over-slf4j/jars/jcl-over-slf4j-1.7.6.jar, /home/ozzie/.ivy2/cache/ch.qos.logback/logback-core/jars/logback-core-1.1.1.jar, /home/ozzie/.ivy2/cache/ch.qos.logback/logback-classic/jars/logback-classic-1.1.1.jar, /home/ozzie/activator-1.3.2/repository/com.typesafe.akka/akka-actor_2.11/2.3.4/jars/akka-actor_2.11.jar, /home/ozzie/activator-1.3.2/repository/com.typesafe.akka/akka-slf4j_2.11/2.3.4/jars/akka-slf4j_2.11.jar, /home/ozzie/.ivy2/cache/commons-codec/commons-codec/jars/commons-codec-1.9.jar, /home/ozzie/.ivy2/cache/xerces/xercesImpl/jars/xercesImpl-2.11.0.jar, /home/ozzie/.ivy2/cache/xml-apis/xml-apis/jars/xml-apis-1.4.01.jar, /home/ozzie/.ivy2/cache/javax.transaction/jta/jars/jta-1.1.jar, /home/ozzie/.ivy2/cache/com.typesafe.play/play-java_2.11/jars/play-java_2.11-2.3.9.jar, /home/ozzie/activator-1.3.2/repository/org.yaml/snakeyaml/1.13/bundles/snakeyaml.jar, /home/ozzie/activator-1.3.2/repository/org.hibernate/hibernate-validator/5.0.3.Final/jars/hibernate-validator.jar, /home/ozzie/activator-1.3.2/repository/javax.validation/validation-api/1.1.0.Final/jars/validation-api.jar, /home/ozzie/activator-1.3.2/repository/com.fasterxml/classmate/1.0.0/bundles/classmate.jar, /home/ozzie/activator-1.3.2/repository/org.jboss.logging/jboss-logging/3.2.0.Final/jars/jboss-logging.jar, /home/ozzie/activator-1.3.2/repository/org.springframework/spring-context/4.0.3.RELEASE/jars/spring-context.jar, /home/ozzie/activator-1.3.2/repository/org.springframework/spring-core/4.0.3.RELEASE/jars/spring-core.jar, /home/ozzie/activator-1.3.2/repository/org.springframework/spring-beans/4.0.3.RELEASE/jars/spring-beans.jar, /home/ozzie/activator-1.3.2/repository/org.javassist/javassist/3.19.0-GA/bundles/javassist.jar, /home/ozzie/activator-1.3.2/repository/org.reflections/reflections/0.9.8/jars/reflections.jar, /home/ozzie/.ivy2/cache/com.google.guava/guava/bundles/guava-16.0.1.jar, /home/ozzie/activator-1.3.2/repository/dom4j/dom4j/1.6.1/jars/dom4j.jar, /home/ozzie/activator-1.3.2/repository/com.google.code.findbugs/jsr305/2.0.3/jars/jsr305.jar, /home/ozzie/activator-1.3.2/repository/org.apache.tomcat/tomcat-servlet-api/8.0.5/jars/tomcat-servlet-api.jar, /home/ozzie/.ivy2/cache/com.typesafe.play/play-java-jdbc_2.11/jars/play-java-jdbc_2.11-2.3.9.jar, /home/ozzie/.ivy2/cache/com.typesafe.play/play-jdbc_2.11/jars/play-jdbc_2.11-2.3.9.jar, /home/ozzie/activator-1.3.2/repository/com.jolbox/bonecp/0.8.0.RELEASE/bundles/bonecp.jar, /home/ozzie/activator-1.3.2/repository/com.h2database/h2/1.3.175/jars/h2.jar, /home/ozzie/activator-1.3.2/repository/tyrex/tyrex/1.0.1/jars/tyrex.jar, /home/ozzie/.ivy2/cache/com.typesafe.play/play-java-ebean_2.11/jars/play-java-ebean_2.11-2.3.9.jar, /home/ozzie/activator-1.3.2/repository/org.avaje.ebeanorm/avaje-ebeanorm/3.3.4/jars/avaje-ebeanorm.jar, /home/ozzie/activator-1.3.2/repository/org.avaje.ebeanorm/avaje-ebeanorm-agent/3.2.2/jars/avaje-ebeanorm-agent.jar, /home/ozzie/activator-1.3.2/repository/org.hibernate.javax.persistence/hibernate-jpa-2.0-api/1.0.1.Final/jars/hibernate-jpa-2.0-api.jar, /home/ozzie/.ivy2/cache/com.typesafe.play/play-cache_2.11/jars/play-cache_2.11-2.3.9.jar, /home/ozzie/activator-1.3.2/repository/net.sf.ehcache/ehcache-core/2.6.8/jars/ehcache-core.jar, /home/ozzie/.ivy2/cache/com.typesafe.play/play-java-ws_2.11/jars/play-java-ws_2.11-2.3.9.jar, /home/ozzie/.ivy2/cache/com.typesafe.play/play-ws_2.11/jars/play-ws_2.11-2.3.9.jar, /home/ozzie/.ivy2/cache/com.ning/async-http-client/jars/async-http-client-1.8.15.jar, /home/ozzie/.ivy2/cache/oauth.signpost/signpost-core/jars/signpost-core-1.2.1.2.jar, /home/ozzie/.ivy2/cache/oauth.signpost/signpost-commonshttp4/jars/signpost-commonshttp4-1.2.1.2.jar, /home/ozzie/activator-1.3.2/repository/org.apache.httpcomponents/httpcore/4.0.1/jars/httpcore.jar, /home/ozzie/activator-1.3.2/repository/org.apache.httpcomponents/httpclient/4.0.1/jars/httpclient.jar, /home/ozzie/.ivy2/cache/commons-logging/commons-logging/jars/commons-logging-1.1.1.jar),List((public/,/home/ozzie/Desktop/FacturacionElectronica3P-master/FacturacionElectronicaProyecto/target/web/public/main)),List(/home/ozzie/.ivy2/cache/com.typesafe.play/play-docs_2.11/jars/play-docs_2.11-2.3.9.jar, /home/ozzie/activator-1.3.2/repository/org.scala-lang/scala-library/2.11.1/jars/scala-library.jar, /home/ozzie/.ivy2/cache/com.typesafe.play/play_2.11/jars/play_2.11-2.3.9.jar, /home/ozzie/.ivy2/cache/com.typesafe.play/build-link/jars/build-link-2.3.9.jar, /home/ozzie/.ivy2/cache/com.typesafe.play/play-exceptions/jars/play-exceptions-2.3.9.jar, /home/ozzie/.ivy2/cache/org.javassist/javassist/bundles/javassist-3.18.2-GA.jar, /home/ozzie/.ivy2/cache/com.typesafe.play/play-iteratees_2.11/jars/play-iteratees_2.11-2.3.9.jar, /home/ozzie/.ivy2/cache/org.scala-stm/scala-stm_2.11/jars/scala-stm_2.11-0.7.jar, /home/ozzie/.ivy2/cache/com.typesafe/config/bundles/config-1.2.1.jar, /home/ozzie/.ivy2/cache/com.typesafe.play/play-json_2.11/jars/play-json_2.11-2.3.9.jar, /home/ozzie/.ivy2/cache/com.typesafe.play/play-functional_2.11/jars/play-functional_2.11-2.3.9.jar, /home/ozzie/.ivy2/cache/com.typesafe.play/play-datacommons_2.11/jars/play-datacommons_2.11-2.3.9.jar, /home/ozzie/.ivy2/cache/joda-time/joda-time/jars/joda-time-2.3.jar, /home/ozzie/.ivy2/cache/org.joda/joda-convert/jars/joda-convert-1.6.jar, /home/ozzie/.ivy2/cache/com.fasterxml.jackson.core/jackson-annotations/bundles/jackson-annotations-2.3.2.jar, /home/ozzie/.ivy2/cache/com.fasterxml.jackson.core/jackson-core/bundles/jackson-core-2.3.2.jar, /home/ozzie/.ivy2/cache/com.fasterxml.jackson.core/jackson-databind/bundles/jackson-databind-2.3.2.jar, /home/ozzie/activator-1.3.2/repository/org.scala-lang/scala-reflect/2.11.1/jars/scala-reflect.jar, /home/ozzie/.ivy2/cache/com.typesafe.play/twirl-api_2.11/jars/twirl-api_2.11-1.0.2.jar, /home/ozzie/.ivy2/cache/org.apache.commons/commons-lang3/jars/commons-lang3-3.1.jar, /home/ozzie/.ivy2/cache/org.scala-lang.modules/scala-xml_2.11/bundles/scala-xml_2.11-1.0.1.jar, /home/ozzie/.ivy2/cache/org.scala-lang.modules/scala-parser-combinators_2.11/bundles/scala-parser-combinators_2.11-1.0.1.jar, /home/ozzie/.ivy2/cache/io.netty/netty/bundles/netty-3.9.8.Final.jar, /home/ozzie/.ivy2/cache/com.typesafe.netty/netty-http-pipelining/jars/netty-http-pipelining-1.1.2.jar, /home/ozzie/.ivy2/cache/org.slf4j/slf4j-api/jars/slf4j-api-1.7.6.jar, /home/ozzie/.ivy2/cache/org.slf4j/jul-to-slf4j/jars/jul-to-slf4j-1.7.6.jar, /home/ozzie/.ivy2/cache/org.slf4j/jcl-over-slf4j/jars/jcl-over-slf4j-1.7.6.jar, /home/ozzie/.ivy2/cache/ch.qos.logback/logback-core/jars/logback-core-1.1.1.jar, /home/ozzie/.ivy2/cache/ch.qos.logback/logback-classic/jars/logback-classic-1.1.1.jar, /home/ozzie/activator-1.3.2/repository/com.typesafe.akka/akka-actor_2.11/2.3.4/jars/akka-actor_2.11.jar, /home/ozzie/activator-1.3.2/repository/com.typesafe.akka/akka-slf4j_2.11/2.3.4/jars/akka-slf4j_2.11.jar, /home/ozzie/.ivy2/cache/commons-codec/commons-codec/jars/commons-codec-1.9.jar, /home/ozzie/.ivy2/cache/xerces/xercesImpl/jars/xercesImpl-2.11.0.jar, /home/ozzie/.ivy2/cache/xml-apis/xml-apis/jars/xml-apis-1.4.01.jar, /home/ozzie/.ivy2/cache/javax.transaction/jta/jars/jta-1.1.jar, /home/ozzie/activator-1.3.2/repository/com.typesafe.play/play-doc_2.11/1.1.0/jars/play-doc_2.11.jar, /home/ozzie/activator-1.3.2/repository/org.pegdown/pegdown/1.4.0/jars/pegdown.jar, /home/ozzie/activator-1.3.2/repository/org.parboiled/parboiled-java/1.1.5/bundles/parboiled-java.jar, /home/ozzie/activator-1.3.2/repository/org.parboiled/parboiled-core/1.1.5/bundles/parboiled-core.jar, /home/ozzie/activator-1.3.2/repository/org.ow2.asm/asm/4.1/jars/asm.jar, /home/ozzie/activator-1.3.2/repository/org.ow2.asm/asm-tree/4.1/jars/asm-tree.jar, /home/ozzie/activator-1.3.2/repository/org.ow2.asm/asm-analysis/4.1/jars/asm-analysis.jar, /home/ozzie/activator-1.3.2/repository/org.ow2.asm/asm-util/4.1/jars/asm-util.jar, /home/ozzie/activator-1.3.2/repository/commons-io/commons-io/2.4/jars/commons-io.jar),List(),9000,DefaultWatchService,List(/home/ozzie/Desktop/FacturacionElectronica3P-master/FacturacionElectronicaProyecto/app-2.11, /home/ozzie/Desktop/FacturacionElectronica3P-master/FacturacionElectronicaProyecto/app, /home/ozzie/Desktop/FacturacionElectronica3P-master/FacturacionElectronicaProyecto/conf, /home/ozzie/Desktop/FacturacionElectronica3P-master/FacturacionElectronicaProyecto/app/assets, /home/ozzie/Desktop/FacturacionElectronica3P-master/FacturacionElectronicaProyecto/public),/home/ozzie/Desktop/FacturacionElectronica3P-master/FacturacionElectronicaProyecto/target,500,root/playForkNotifyStart,root/playForkReload,300000),scala.pickling.PicklerUnpickler$DelegatingPicklerUnpickler@1b721cb9),ForkConfig(/home/ozzie/Desktop/FacturacionElectronica3P-master/FacturacionElectronicaProyecto,List(),List(/home/ozzie/.ivy2/cache/org.scala-lang/scala-library/jars/scala-library-2.11.6.jar, /home/ozzie/.ivy2/cache/com.typesafe.play/twirl-api_2.11/jars/twirl-api_2.11-1.0.2.jar, /home/ozzie/.ivy2/cache/org.apache.commons/commons-lang3/jars/commons-lang3-3.1.jar, /home/ozzie/.ivy2/cache/org.scala-lang.modules/scala-xml_2.11/bundles/scala-xml_2.11-1.0.1.jar, /home/ozzie/.ivy2/cache/com.typesafe.play/play_2.11/jars/play_2.11-2.3.9.jar, /home/ozzie/.ivy2/cache/com.typesafe.play/build-link/jars/build-link-2.3.9.jar, /home/ozzie/.ivy2/cache/com.typesafe.play/play-exceptions/jars/play-exceptions-2.3.9.jar, /home/ozzie/.ivy2/cache/com.typesafe.play/play-iteratees_2.11/jars/play-iteratees_2.11-2.3.9.jar, /home/ozzie/.ivy2/cache/org.scala-stm/scala-stm_2.11/jars/scala-stm_2.11-0.7.jar, /home/ozzie/.ivy2/cache/com.typesafe/config/bundles/config-1.2.1.jar, /home/ozzie/.ivy2/cache/com.typesafe.play/play-json_2.11/jars/play-json_2.11-2.3.9.jar, /home/ozzie/.ivy2/cache/com.typesafe.play/play-functional_2.11/jars/play-functional_2.11-2.3.9.jar, /home/ozzie/.ivy2/cache/com.typesafe.play/play-datacommons_2.11/jars/play-datacommons_2.11-2.3.9.jar, /home/ozzie/.ivy2/cache/joda-time/joda-time/jars/joda-time-2.3.jar, /home/ozzie/.ivy2/cache/org.joda/joda-convert/jars/joda-convert-1.6.jar, /home/ozzie/.ivy2/cache/com.fasterxml.jackson.core/jackson-annotations/bundles/jackson-annotations-2.3.2.jar, /home/ozzie/.ivy2/cache/com.fasterxml.jackson.core/jackson-core/bundles/jackson-core-2.3.2.jar, /home/ozzie/.ivy2/cache/com.fasterxml.jackson.core/jackson-databind/bundles/jackson-databind-2.3.2.jar, /home/ozzie/activator-1.3.2/repository/org.scala-lang/scala-reflect/2.11.1/jars/scala-reflect.jar, /home/ozzie/.ivy2/cache/org.scala-lang.modules/scala-parser-combinators_2.11/bundles/scala-parser-combinators_2.11-1.0.1.jar, /home/ozzie/.ivy2/cache/io.netty/netty/bundles/netty-3.9.8.Final.jar, /home/ozzie/.ivy2/cache/com.typesafe.netty/netty-http-pipelining/jars/netty-http-pipelining-1.1.2.jar, /home/ozzie/.ivy2/cache/org.slf4j/slf4j-api/jars/slf4j-api-1.7.6.jar, /home/ozzie/.ivy2/cache/org.slf4j/jul-to-slf4j/jars/jul-to-slf4j-1.7.6.jar, /home/ozzie/.ivy2/cache/org.slf4j/jcl-over-slf4j/jars/jcl-over-slf4j-1.7.6.jar, /home/ozzie/.ivy2/cache/ch.qos.logback/logback-core/jars/logback-core-1.1.1.jar, /home/ozzie/.ivy2/cache/ch.qos.logback/logback-classic/jars/logback-classic-1.1.1.jar, /home/ozzie/activator-1.3.2/repository/com.typesafe.akka/akka-actor_2.11/2.3.4/jars/akka-actor_2.11.jar, /home/ozzie/activator-1.3.2/repository/com.typesafe.akka/akka-slf4j_2.11/2.3.4/jars/akka-slf4j_2.11.jar, /home/ozzie/.ivy2/cache/commons-codec/commons-codec/jars/commons-codec-1.9.jar, /home/ozzie/.ivy2/cache/xerces/xercesImpl/jars/xercesImpl-2.11.0.jar, /home/ozzie/.ivy2/cache/xml-apis/xml-apis/jars/xml-apis-1.4.01.jar, /home/ozzie/.ivy2/cache/javax.transaction/jta/jars/jta-1.1.jar, /home/ozzie/.ivy2/cache/com.typesafe.play/play-java_2.11/jars/play-java_2.11-2.3.9.jar, /home/ozzie/activator-1.3.2/repository/org.yaml/snakeyaml/1.13/bundles/snakeyaml.jar, /home/ozzie/activator-1.3.2/repository/org.hibernate/hibernate-validator/5.0.3.Final/jars/hibernate-validator.jar, /home/ozzie/activator-1.3.2/repository/javax.validation/validation-api/1.1.0.Final/jars/validation-api.jar, /home/ozzie/activator-1.3.2/repository/com.fasterxml/classmate/1.0.0/bundles/classmate.jar, /home/ozzie/activator-1.3.2/repository/org.jboss.logging/jboss-logging/3.2.0.Final/jars/jboss-logging.jar, /home/ozzie/activator-1.3.2/repository/org.springframework/spring-context/4.0.3.RELEASE/jars/spring-context.jar, /home/ozzie/activator-1.3.2/repository/org.springframework/spring-core/4.0.3.RELEASE/jars/spring-core.jar, /home/ozzie/activator-1.3.2/repository/org.springframework/spring-beans/4.0.3.RELEASE/jars/spring-beans.jar, /home/ozzie/activator-1.3.2/repository/org.javassist/javassist/3.19.0-GA/bundles/javassist.jar, /home/ozzie/activator-1.3.2/repository/org.reflections/reflections/0.9.8/jars/reflections.jar, /home/ozzie/.ivy2/cache/com.google.guava/guava/bundles/guava-16.0.1.jar, /home/ozzie/activator-1.3.2/repository/dom4j/dom4j/1.6.1/jars/dom4j.jar, /home/ozzie/activator-1.3.2/repository/com.google.code.findbugs/jsr305/2.0.3/jars/jsr305.jar, /home/ozzie/activator-1.3.2/repository/org.apache.tomcat/tomcat-servlet-api/8.0.5/jars/tomcat-servlet-api.jar, /home/ozzie/.ivy2/cache/com.typesafe.play/play-java-jdbc_2.11/jars/play-java-jdbc_2.11-2.3.9.jar, /home/ozzie/.ivy2/cache/com.typesafe.play/play-jdbc_2.11/jars/play-jdbc_2.11-2.3.9.jar, /home/ozzie/activator-1.3.2/repository/com.jolbox/bonecp/0.8.0.RELEASE/bundles/bonecp.jar, /home/ozzie/activator-1.3.2/repository/com.h2database/h2/1.3.175/jars/h2.jar, /home/ozzie/activator-1.3.2/repository/tyrex/tyrex/1.0.1/jars/tyrex.jar, /home/ozzie/.ivy2/cache/com.typesafe.play/play-java-ebean_2.11/jars/play-java-ebean_2.11-2.3.9.jar, /home/ozzie/activator-1.3.2/repository/org.avaje.ebeanorm/avaje-ebeanorm/3.3.4/jars/avaje-ebeanorm.jar, /home/ozzie/activator-1.3.2/repository/org.avaje.ebeanorm/avaje-ebeanorm-agent/3.2.2/jars/avaje-ebeanorm-agent.jar, /home/ozzie/activator-1.3.2/repository/org.hibernate.javax.persistence/hibernate-jpa-2.0-api/1.0.1.Final/jars/hibernate-jpa-2.0-api.jar, /home/ozzie/.ivy2/cache/com.typesafe.play/play-cache_2.11/jars/play-cache_2.11-2.3.9.jar, /home/ozzie/activator-1.3.2/repository/net.sf.ehcache/ehcache-core/2.6.8/jars/ehcache-core.jar, /home/ozzie/.ivy2/cache/com.typesafe.play/play-java-ws_2.11/jars/play-java-ws_2.11-2.3.9.jar, /home/ozzie/.ivy2/cache/com.typesafe.play/play-ws_2.11/jars/play-ws_2.11-2.3.9.jar, /home/ozzie/.ivy2/cache/com.ning/async-http-client/jars/async-http-client-1.8.15.jar, /home/ozzie/.ivy2/cache/oauth.signpost/signpost-core/jars/signpost-core-1.2.1.2.jar, /home/ozzie/.ivy2/cache/oauth.signpost/signpost-commonshttp4/jars/signpost-commonshttp4-1.2.1.2.jar, /home/ozzie/activator-1.3.2/repository/org.apache.httpcomponents/httpcore/4.0.1/jars/httpcore.jar, /home/ozzie/activator-1.3.2/repository/org.apache.httpcomponents/httpclient/4.0.1/jars/httpclient.jar, /home/ozzie/.ivy2/cache/commons-logging/commons-logging/jars/commons-logging-1.1.1.jar),List((public/,/home/ozzie/Desktop/FacturacionElectronica3P-master/FacturacionElectronicaProyecto/target/web/public/main)),List(/home/ozzie/.ivy2/cache/com.typesafe.play/play-docs_2.11/jars/play-docs_2.11-2.3.9.jar, /home/ozzie/activator-1.3.2/repository/org.scala-lang/scala-library/2.11.1/jars/scala-library.jar, /home/ozzie/.ivy2/cache/com.typesafe.play/play_2.11/jars/play_2.11-2.3.9.jar, /home/ozzie/.ivy2/cache/com.typesafe.play/build-link/jars/build-link-2.3.9.jar, /home/ozzie/.ivy2/cache/com.typesafe.play/play-exceptions/jars/play-exceptions-2.3.9.jar, /home/ozzie/.ivy2/cache/org.javassist/javassist/bundles/javassist-3.18.2-GA.jar, /home/ozzie/.ivy2/cache/com.typesafe.play/play-iteratees_2.11/jars/play-iteratees_2.11-2.3.9.jar, /home/ozzie/.ivy2/cache/org.scala-stm/scala-stm_2.11/jars/scala-stm_2.11-0.7.jar, /home/ozzie/.ivy2/cache/com.typesafe/config/bundles/config-1.2.1.jar, /home/ozzie/.ivy2/cache/com.typesafe.play/play-json_2.11/jars/play-json_2.11-2.3.9.jar, /home/ozzie/.ivy2/cache/com.typesafe.play/play-functional_2.11/jars/play-functional_2.11-2.3.9.jar, /home/ozzie/.ivy2/cache/com.typesafe.play/play-datacommons_2.11/jars/play-datacommons_2.11-2.3.9.jar, /home/ozzie/.ivy2/cache/joda-time/joda-time/jars/joda-time-2.3.jar, /home/ozzie/.ivy2/cache/org.joda/joda-convert/jars/joda-convert-1.6.jar, /home/ozzie/.ivy2/cache/com.fasterxml.jackson.core/jackson-annotations/bundles/jackson-annotations-2.3.2.jar, /home/ozzie/.ivy2/cache/com.fasterxml.jackson.core/jackson-core/bundles/jackson-core-2.3.2.jar, /home/ozzie/.ivy2/cache/com.fasterxml.jackson.core/jackson-databind/bundles/jackson-databind-2.3.2.jar, /home/ozzie/activator-1.3.2/repository/org.scala-lang/scala-reflect/2.11.1/jars/scala-reflect.jar, /home/ozzie/.ivy2/cache/com.typesafe.play/twirl-api_2.11/jars/twirl-api_2.11-1.0.2.jar, /home/ozzie/.ivy2/cache/org.apache.commons/commons-lang3/jars/commons-lang3-3.1.jar, /home/ozzie/.ivy2/cache/org.scala-lang.modules/scala-xml_2.11/bundles/scala-xml_2.11-1.0.1.jar, /home/ozzie/.ivy2/cache/org.scala-lang.modules/scala-parser-combinators_2.11/bundles/scala-parser-combinators_2.11-1.0.1.jar, /home/ozzie/.ivy2/cache/io.netty/netty/bundles/netty-3.9.8.Final.jar, /home/ozzie/.ivy2/cache/com.typesafe.netty/netty-http-pipelining/jars/netty-http-pipelining-1.1.2.jar, /home/ozzie/.ivy2/cache/org.slf4j/slf4j-api/jars/slf4j-api-1.7.6.jar, /home/ozzie/.ivy2/cache/org.slf4j/jul-to-slf4j/jars/jul-to-slf4j-1.7.6.jar, /home/ozzie/.ivy2/cache/org.slf4j/jcl-over-slf4j/jars/jcl-over-slf4j-1.7.6.jar, /home/ozzie/.ivy2/cache/ch.qos.logback/logback-core/jars/logback-core-1.1.1.jar, /home/ozzie/.ivy2/cache/ch.qos.logback/logback-classic/jars/logback-classic-1.1.1.jar, /home/ozzie/activator-1.3.2/repository/com.typesafe.akka/akka-actor_2.11/2.3.4/jars/akka-actor_2.11.jar, /home/ozzie/activator-1.3.2/repository/com.typesafe.akka/akka-slf4j_2.11/2.3.4/jars/akka-slf4j_2.11.jar, /home/ozzie/.ivy2/cache/commons-codec/commons-codec/jars/commons-codec-1.9.jar, /home/ozzie/.ivy2/cache/xerces/xercesImpl/jars/xercesImpl-2.11.0.jar, /home/ozzie/.ivy2/cache/xml-apis/xml-apis/jars/xml-apis-1.4.01.jar, /home/ozzie/.ivy2/cache/javax.transaction/jta/jars/jta-1.1.jar, /home/ozzie/activator-1.3.2/repository/com.typesafe.play/play-doc_2.11/1.1.0/jars/play-doc_2.11.jar, /home/ozzie/activator-1.3.2/repository/org.pegdown/pegdown/1.4.0/jars/pegdown.jar, /home/ozzie/activator-1.3.2/repository/org.parboiled/parboiled-java/1.1.5/bundles/parboiled-java.jar, /home/ozzie/activator-1.3.2/repository/org.parboiled/parboiled-core/1.1.5/bundles/parboiled-core.jar, /home/ozzie/activator-1.3.2/repository/org.ow2.asm/asm/4.1/jars/asm.jar, /home/ozzie/activator-1.3.2/repository/org.ow2.asm/asm-tree/4.1/jars/asm-tree.jar, /home/ozzie/activator-1.3.2/repository/org.ow2.asm/asm-analysis/4.1/jars/asm-analysis.jar, /home/ozzie/activator-1.3.2/repository/org.ow2.asm/asm-util/4.1/jars/asm-util.jar, /home/ozzie/activator-1.3.2/repository/commons-io/commons-io/2.4/jars/commons-io.jar),List(),9000,DefaultWatchService,List(/home/ozzie/Desktop/FacturacionElectronica3P-master/FacturacionElectronicaProyecto/app-2.11, /home/ozzie/Desktop/FacturacionElectronica3P-master/FacturacionElectronicaProyecto/app, /home/ozzie/Desktop/FacturacionElectronica3P-master/FacturacionElectronicaProyecto/conf, /home/ozzie/Desktop/FacturacionElectronica3P-master/FacturacionElectronicaProyecto/app/assets, /home/ozzie/Desktop/FacturacionElectronica3P-master/FacturacionElectronicaProyecto/public),/home/ozzie/Desktop/FacturacionElectronica3P-master/FacturacionElectronicaProyecto/target,500,root/playForkNotifyStart,root/playForkReload,300000))))
Sending msg to client play-fork-run-e8659104-f44d-4a87-a4b2-9de49eaa6127: TaskStarted(8,638,None)
Sending msg to client play-fork-run-e8659104-f44d-4a87-a4b2-9de49eaa6127: TaskFinished(8,638,None,true,None)
Sending msg to client play-fork-run-e8659104-f44d-4a87-a4b2-9de49eaa6127: TaskStarted(8,637,None)
Sending msg to client play-fork-run-e8659104-f44d-4a87-a4b2-9de49eaa6127: TaskFinished(8,637,None,true,None)
Sending msg to client play-fork-run-e8659104-f44d-4a87-a4b2-9de49eaa6127: DetachedLogEvent(LogMessage(debug,cancel strategy finish enabled=false lastCommand=Some(LastCommand(CommandExecutionWork(ExecutionId(8),{file:/home/ozzie/Desktop/FacturacionElectronica3P-master/FacturacionElectronicaProyecto/}root/*:playForkConfig,Set(LiveClient(play-fork-run e8659104-f44d-4a87-a4b2-9de49eaa6127)),sbt.server.WorkCancellationStatus$$anon$1@5180f93c)))))
Sending msg to client play-fork-run-e8659104-f44d-4a87-a4b2-9de49eaa6127: DetachedLogEvent(LogSuccess(Total time: 1 s, completed May 30, 2015 6:50:22 PM))
Sending msg to client play-fork-run-e8659104-f44d-4a87-a4b2-9de49eaa6127: DetachedLogEvent(LogMessage(debug,> server-post-command-cleanup))
Sending msg to client play-fork-run-e8659104-f44d-4a87-a4b2-9de49eaa6127: ExecutionSuccess(8)
Sending msg to client play-fork-run-e8659104-f44d-4a87-a4b2-9de49eaa6127: DetachedLogEvent(LogMessage(debug,> server-handle-next-server-request))
Sending msg to client play-fork-run-e8659104-f44d-4a87-a4b2-9de49eaa6127: BackgroundJobLogEvent(1,LogMessage(info,))
Sending msg to client play-fork-run-e8659104-f44d-4a87-a4b2-9de49eaa6127: BackgroundJobLogEvent(1,LogMessage(info,[35m--- (Running the application, auto-reloading is enabled) ---[0m))
Sending msg to client play-fork-run-e8659104-f44d-4a87-a4b2-9de49eaa6127: BackgroundJobLogEvent(1,LogMessage(info,))
Sending msg to client play-fork-run-e8659104-f44d-4a87-a4b2-9de49eaa6127: BackgroundJobLogEvent(1,LogMessage(info,play - Listening for HTTP on /0:0:0:0:0:0:0:0:9000))
Sending msg to client play-fork-run-e8659104-f44d-4a87-a4b2-9de49eaa6127: BackgroundJobLogEvent(1,LogMessage(info,))
Sending msg to client play-fork-run-e8659104-f44d-4a87-a4b2-9de49eaa6127: BackgroundJobLogEvent(1,LogMessage(info,[32m(Server started, use Ctrl+D to stop and go back to the console...)[0m))
Sending msg to client play-fork-run-e8659104-f44d-4a87-a4b2-9de49eaa6127: BackgroundJobLogEvent(1,LogMessage(info,))
Got request: ExecutionRequest(root/playForkNotifyStart http://localhost:9000)
Reading next message from client.
Sending msg to client play-fork-run-e8659104-f44d-4a87-a4b2-9de49eaa6127: (8,ExecutionRequestReceived(9))
Sending msg to client play-fork-run-e8659104-f44d-4a87-a4b2-9de49eaa6127: ExecutionWaiting(9,root/playForkNotifyStart http://localhost:9000,ClientInfo(e8659104-f44d-4a87-a4b2-9de49eaa6127,play-fork-run,Play Fork Run,1,Vector()))
Sending msg to client play-fork-run-e8659104-f44d-4a87-a4b2-9de49eaa6127: ExecutionStarting(9)
Sending msg to client play-fork-run-e8659104-f44d-4a87-a4b2-9de49eaa6127: DetachedLogEvent(LogMessage(debug,> root/playForkNotifyStart http://localhost:9000))
Sending msg to client play-fork-run-e8659104-f44d-4a87-a4b2-9de49eaa6127: DetachedLogEvent(LogMessage(debug,Evaluating tasks: *:playForkNotifyStart))
Sending msg to client play-fork-run-e8659104-f44d-4a87-a4b2-9de49eaa6127: DetachedLogEvent(LogMessage(debug,Running task... Cancel: sbt.server.ServerTaskCancellation@2a9ba432, check cycles: false))
Sending msg to client play-fork-run-e8659104-f44d-4a87-a4b2-9de49eaa6127: DetachedLogEvent(LogMessage(debug,cancel strategy start enabled=true lastCommand=Some(LastCommand(CommandExecutionWork(ExecutionId(9),root/playForkNotifyStart http://localhost:9000,Set(LiveClient(play-fork-run e8659104-f44d-4a87-a4b2-9de49eaa6127)),sbt.server.WorkCancellationStatus$$anon$1@1deef949)))))
Sending msg to client play-fork-run-e8659104-f44d-4a87-a4b2-9de49eaa6127: TaskStarted(9,713,Some(AttributeKey[sbt.SendEventService]("sendEventService") in Scope(Global)))
Sending msg to client play-fork-run-e8659104-f44d-4a87-a4b2-9de49eaa6127: TaskFinished(9,713,Some(AttributeKey[sbt.SendEventService]("sendEventService") in Scope(Global)),true,None)
Sending msg to client play-fork-run-e8659104-f44d-4a87-a4b2-9de49eaa6127: TaskStarted(9,712,Some(AttributeKey[scala.Function1[java.lang.String,void]]("playForkStarted") in Scope(Build: file:/home/ozzie/Desktop/FacturacionElectronica3P-master/FacturacionElectronicaProyecto/, , Project: ProjectReference(file:/home/ozzie/Desktop/FacturacionElectronica3P-master/FacturacionElectronicaProyecto/,root))))
Sending msg to client play-fork-run-e8659104-f44d-4a87-a4b2-9de49eaa6127: TaskFinished(9,712,Some(AttributeKey[scala.Function1[java.lang.String,void]]("playForkStarted") in Scope(Build: file:/home/ozzie/Desktop/FacturacionElectronica3P-master/FacturacionElectronicaProyecto/, , Project: ProjectReference(file:/home/ozzie/Desktop/FacturacionElectronica3P-master/FacturacionElectronicaProyecto/,root))),true,None)
Sending msg to client play-fork-run-e8659104-f44d-4a87-a4b2-9de49eaa6127: TaskStarted(9,711,Some(AttributeKey[void]("playForkNotifyStart") in Scope(Build: file:/home/ozzie/Desktop/FacturacionElectronica3P-master/FacturacionElectronicaProyecto/, , Project: ProjectReference(file:/home/ozzie/Desktop/FacturacionElectronica3P-master/FacturacionElectronicaProyecto/,root))))
Sending msg to client play-fork-run-e8659104-f44d-4a87-a4b2-9de49eaa6127: TaskEvent(711,LazyValue(PlayServerStarted(http://localhost:9000),play.forkrun.protocol.Serializers$PlayForkrunProtocolPlayServerStartedPickler1$2$@4334d4a0))
Sending msg to client play-fork-run-e8659104-f44d-4a87-a4b2-9de49eaa6127: TaskFinished(9,711,Some(AttributeKey[void]("playForkNotifyStart") in Scope(Build: file:/home/ozzie/Desktop/FacturacionElectronica3P-master/FacturacionElectronicaProyecto/, , Project: ProjectReference(file:/home/ozzie/Desktop/FacturacionElectronica3P-master/FacturacionElectronicaProyecto/,root))),true,None)
Sending msg to client play-fork-run-e8659104-f44d-4a87-a4b2-9de49eaa6127: TaskStarted(9,710,None)
Sending msg to client play-fork-run-e8659104-f44d-4a87-a4b2-9de49eaa6127: TaskFinished(9,710,None,true,None)
Sending msg to client play-fork-run-e8659104-f44d-4a87-a4b2-9de49eaa6127: TaskStarted(9,709,None)
Sending msg to client play-fork-run-e8659104-f44d-4a87-a4b2-9de49eaa6127: TaskFinished(9,709,None,true,None)
Sending msg to client play-fork-run-e8659104-f44d-4a87-a4b2-9de49eaa6127: DetachedLogEvent(LogMessage(debug,cancel strategy finish enabled=false lastCommand=Some(LastCommand(CommandExecutionWork(ExecutionId(9),root/playForkNotifyStart http://localhost:9000,Set(LiveClient(play-fork-run e8659104-f44d-4a87-a4b2-9de49eaa6127)),sbt.server.WorkCancellationStatus$$anon$1@1deef949)))))
Sending msg to client play-fork-run-e8659104-f44d-4a87-a4b2-9de49eaa6127: DetachedLogEvent(LogSuccess(Total time: 0 s, completed May 30, 2015 6:50:23 PM))
Sending msg to client play-fork-run-e8659104-f44d-4a87-a4b2-9de49eaa6127: DetachedLogEvent(LogMessage(debug,> server-post-command-cleanup))
Sending msg to client play-fork-run-e8659104-f44d-4a87-a4b2-9de49eaa6127: ExecutionSuccess(9)
Sending msg to client play-fork-run-e8659104-f44d-4a87-a4b2-9de49eaa6127: DetachedLogEvent(LogMessage(debug,> server-handle-next-server-request))
Sending msg to client play-fork-run-e8659104-f44d-4a87-a4b2-9de49eaa6127: ExecutionWaiting(10,jobStop 1,ClientInfo(c34ae634-fe88-4f53-b157-13881d48e160,activator,Activator,1,Vector()))
Sending msg to client play-fork-run-e8659104-f44d-4a87-a4b2-9de49eaa6127: ExecutionStarting(10)
Sending msg to client play-fork-run-e8659104-f44d-4a87-a4b2-9de49eaa6127: DetachedLogEvent(LogMessage(debug,> jobStop 1))
Sending msg to client play-fork-run-e8659104-f44d-4a87-a4b2-9de49eaa6127: DetachedLogEvent(LogMessage(debug,Evaluating tasks: *:jobStop))
Sending msg to client play-fork-run-e8659104-f44d-4a87-a4b2-9de49eaa6127: DetachedLogEvent(LogMessage(debug,Running task... Cancel: sbt.server.ServerTaskCancellation@3cbed8a6, check cycles: false))
Sending msg to client play-fork-run-e8659104-f44d-4a87-a4b2-9de49eaa6127: DetachedLogEvent(LogMessage(debug,cancel strategy start enabled=true lastCommand=Some(LastCommand(CommandExecutionWork(ExecutionId(10),jobStop 1,Set(LiveClient(activator c34ae634-fe88-4f53-b157-13881d48e160)),sbt.server.WorkCancellationStatus$$anon$1@7b787609)))))
Sending msg to client play-fork-run-e8659104-f44d-4a87-a4b2-9de49eaa6127: TaskStarted(10,716,Some(AttributeKey[void]("jobStop") in Scope(Global)))
Sending msg to client play-fork-run-e8659104-f44d-4a87-a4b2-9de49eaa6127: BackgroundJobLogEvent(1,LogMessage(info,Stopping Play fork run ...))
Sending msg to client play-fork-run-e8659104-f44d-4a87-a4b2-9de49eaa6127: TaskFinished(10,716,Some(AttributeKey[void]("jobStop") in Scope(Global)),true,None)
Sending msg to client play-fork-run-e8659104-f44d-4a87-a4b2-9de49eaa6127: TaskStarted(10,715,None)
Sending msg to client play-fork-run-e8659104-f44d-4a87-a4b2-9de49eaa6127: TaskFinished(10,715,None,true,None)
Sending msg to client play-fork-run-e8659104-f44d-4a87-a4b2-9de49eaa6127: TaskStarted(10,714,None)
Sending msg to client play-fork-run-e8659104-f44d-4a87-a4b2-9de49eaa6127: TaskFinished(10,714,None,true,None)
Sending msg to client play-fork-run-e8659104-f44d-4a87-a4b2-9de49eaa6127: DetachedLogEvent(LogMessage(debug,cancel strategy finish enabled=false lastCommand=Some(LastCommand(CommandExecutionWork(ExecutionId(10),jobStop 1,Set(LiveClient(activator c34ae634-fe88-4f53-b157-13881d48e160)),sbt.server.WorkCancellationStatus$$anon$1@7b787609)))))
Sending msg to client play-fork-run-e8659104-f44d-4a87-a4b2-9de49eaa6127: DetachedLogEvent(LogSuccess(Total time: 0 s, completed May 30, 2015 6:51:48 PM))
Sending msg to client play-fork-run-e8659104-f44d-4a87-a4b2-9de49eaa6127: DetachedLogEvent(LogMessage(debug,> server-post-command-cleanup))
Sending msg to client play-fork-run-e8659104-f44d-4a87-a4b2-9de49eaa6127: ExecutionSuccess(10)
Sending msg to client play-fork-run-e8659104-f44d-4a87-a4b2-9de49eaa6127: DetachedLogEvent(LogMessage(debug,> server-handle-next-server-request))
Got request: UnlistenToEvents()
Reading next message from client.
Sending msg to client play-fork-run-e8659104-f44d-4a87-a4b2-9de49eaa6127: (9,ReceivedResponse())
Got request: UnlistenToValue(AttributeKey[play.forkrun.protocol.ForkConfig]("playForkConfig") in Scope(Build: file:/home/ozzie/Desktop/FacturacionElectronica3P-master/FacturacionElectronicaProyecto/, , Project: ProjectReference(file:/home/ozzie/Desktop/FacturacionElectronica3P-master/FacturacionElectronicaProyecto/,root)))
Reading next message from client.
Sending msg to client play-fork-run-e8659104-f44d-4a87-a4b2-9de49eaa6127: (10,ReceivedResponse())
Client play-fork-run-e8659104-f44d-4a87-a4b2-9de49eaa6127 EOF, shutting down.
Stopping client.
Dropping message (0,ReceivedResponse()) to dead client play-fork-run-e8659104-f44d-4a87-a4b2-9de49eaa6127
Client play-fork-run-e8659104-f44d-4a87-a4b2-9de49eaa6127 thread exiting.
