New log file opened at Mon Jun 01 00:39:27 MDT 2015 by 16726@MBP-de-Javier-2
jvm 16726@MBP-de-Javier-2
jvm vmName=Java HotSpot(TM) 64-Bit Server VM vmVendor=Oracle Corporation vmVersion=25.45-b02
jvm specName=Java Virtual Machine Specification specVendor=Oracle Corporation specVersion=1.8
jvm arguments: [-Xms256m, -Xmx1024m, -XX:MetaspaceSize=64m, -XX:MaxMetaspaceSize=256m]
Starting event engine
Starting sbt command engine
Waiting for sbt command engine
Command engine arguments=List()
Command engine baseDirectory=/Users/javiercruz/Documents/UNIVERSIDAD/INTERPRETES/FacturacionElectronica3P/FacturacionElectronica3P/FacturacionElectronica3P/FacturacionElectronicaProyecto
Command engine initial remaining commands List(--initialize, onFailure load-failed, boot, server-send-ready-for-request, server-handle-next-server-request)
> --initialize
> initialize
> onFailure load-failed
> boot
> reload
[Loading] Scanning directory /Users/javiercruz/Documents/UNIVERSIDAD/INTERPRETES/FacturacionElectronica3P/FacturacionElectronica3P/FacturacionElectronica3P/FacturacionElectronicaProyecto/project
[Loading] Found non-root projects 
[Loading] Done in /Users/javiercruz/Documents/UNIVERSIDAD/INTERPRETES/FacturacionElectronica3P/FacturacionElectronica3P/FacturacionElectronica3P/FacturacionElectronicaProyecto/project, returning: ()
deducing auto plugins based on known facts Set(Atom(sbt.plugins.CorePlugin)) and clauses Clauses(List(Clause(Atom(sbt.plugins.JvmPlugin),Set(Atom(sbt.plugins.IvyPlugin))), Clause(Atom(sbt.plugins.JUnitXmlReportPlugin),Set(Atom(sbt.plugins.JvmPlugin))), Clause(Atom(sbt.plugins.CorePlugin),Set(Atom(sbt.plugins.IvyPlugin))), Clause(Atom(sbt.plugins.IvyPlugin),Set(Atom(sbt.plugins.JvmPlugin))), Clause(Atom(sbt.plugins.JvmPlugin),Set(Atom(sbt.plugins.JUnitXmlReportPlugin)))))
  :: deduced result: Matched(sbt.plugins.CorePlugin,sbt.plugins.IvyPlugin,sbt.plugins.JvmPlugin,sbt.plugins.JUnitXmlReportPlugin)
sorting: ns: List(sbt.plugins.CorePlugin, sbt.plugins.IvyPlugin, sbt.plugins.JvmPlugin, sbt.plugins.JUnitXmlReportPlugin)
  :: sorting:: found: List(sbt.plugins.CorePlugin) not found List(sbt.plugins.IvyPlugin, sbt.plugins.JvmPlugin, sbt.plugins.JUnitXmlReportPlugin)
  :: sorting:: found: List(sbt.plugins.CorePlugin, sbt.plugins.IvyPlugin) not found List(sbt.plugins.JvmPlugin, sbt.plugins.JUnitXmlReportPlugin)
  :: sorting:: found: List(sbt.plugins.CorePlugin, sbt.plugins.IvyPlugin, sbt.plugins.JvmPlugin) not found List(sbt.plugins.JUnitXmlReportPlugin)
  :: sorting:: found: List(sbt.plugins.CorePlugin, sbt.plugins.IvyPlugin, sbt.plugins.JvmPlugin, sbt.plugins.JUnitXmlReportPlugin) not found List()
  :: sorted deduced result: List(sbt.plugins.CorePlugin, sbt.plugins.IvyPlugin, sbt.plugins.JvmPlugin, sbt.plugins.JUnitXmlReportPlugin)
[Loading] Done in /Users/javiercruz/Documents/UNIVERSIDAD/INTERPRETES/FacturacionElectronica3P/FacturacionElectronica3P/FacturacionElectronica3P/FacturacionElectronicaProyecto/project, returning: (facturacionelectronicaproyecto-build)
Loading project definition from /Users/javiercruz/Documents/UNIVERSIDAD/INTERPRETES/FacturacionElectronica3P/FacturacionElectronica3P/FacturacionElectronica3P/FacturacionElectronicaProyecto/project
Running task... Cancel: sbt.TaskCancellationStrategy$Null$@3b62a015, check cycles: false

Initial source changes: 
	removed:Set()
	added: Set()
	modified: Set()
Removed products: Set()
External API changes: API Changes: Set()
Modified binary dependencies: Set()
Initial directly invalidated sources: Set()

Sources indirectly invalidated by:
	product: Set()
	binary dep: Set()
	external source: Set()
All initially invalidated sources: Set()

Copy resource mappings: 
	
[Loading] Scanning directory /Users/javiercruz/Documents/UNIVERSIDAD/INTERPRETES/FacturacionElectronica3P/FacturacionElectronica3P/FacturacionElectronica3P/FacturacionElectronicaProyecto
[Loading] Found root project root w/ remaining 
deducing auto plugins based on known facts Set(Atom(play.PlayJava), Atom(sbt.plugins.CorePlugin)) and clauses Clauses(List(Clause(Atom(sbt.plugins.JvmPlugin),Set(Atom(sbt.plugins.IvyPlugin))), Clause(Atom(sbt.plugins.JUnitXmlReportPlugin),Set(Atom(sbt.plugins.JvmPlugin))), Clause(Atom(com.typesafe.sbt.SbtEcho),Set(Atom(sbt.plugins.JvmPlugin))), Clause(Atom(com.typesafe.sbt.SbtEcho),Set(Atom(sbt.plugins.BackgroundRunPlugin))), Clause(Atom(sbt.plugins.BackgroundRunPlugin),Set(Atom(sbt.plugins.JvmPlugin))), Clause(Atom(play.sbt.forkrun.PlayForkRun),Set(Atom(sbt.plugins.BackgroundRunPlugin))), Clause(Atom(play.sbt.forkrun.PlayForkRun),Set(Atom(play.Play))), Clause(Atom(play.sbt.forkrun.PlayForkRun),Set(Atom(sbt.plugins.SerializersPlugin))), Clause(Atom(play.Play),Set(Atom(com.typesafe.sbt.webdriver.SbtWebDriver))), Clause(Atom(play.Play),Set(Atom(play.twirl.sbt.SbtTwirl))), Clause(Atom(play.Play),Set(Atom(com.typesafe.sbt.jse.SbtJsTask))), Clause(Atom(play.PlayJava),Set(Atom(play.Play))), Clause(Atom(play.PlayScala),Set(Atom(play.Play))), Clause(Atom(play.twirl.sbt.SbtTwirl),Set(Atom(sbt.plugins.JvmPlugin))), Clause(Atom(com.typesafe.sbt.jse.SbtJsEngine),Set(Atom(com.typesafe.sbt.web.SbtWeb))), Clause(Atom(com.typesafe.sbt.jse.SbtJsTask),Set(Atom(com.typesafe.sbt.jse.SbtJsEngine))), Clause(Atom(com.typesafe.sbt.webdriver.SbtWebDriver),Set(Atom(com.typesafe.sbt.web.SbtWeb))), Clause(Atom(com.typesafe.sbt.coffeescript.SbtCoffeeScript),Set(Atom(com.typesafe.sbt.jse.SbtJsTask))), Clause(Atom(com.typesafe.sbt.less.SbtLess),Set(Atom(com.typesafe.sbt.jse.SbtJsTask))), Clause(Atom(com.typesafe.sbt.jshint.SbtJSHint),Set(Atom(com.typesafe.sbt.jse.SbtJsTask))), Clause(Atom(com.typesafe.sbt.rjs.SbtRjs),Set(Atom(com.typesafe.sbt.jse.SbtJsTask))), Clause(Atom(com.typesafe.sbt.digest.SbtDigest),Set(Atom(com.typesafe.sbt.web.SbtWeb))), Clause(Atom(com.typesafe.sbt.mocha.SbtMocha),Set(Atom(com.typesafe.sbt.jse.SbtJsTask))), Clause(Atom(sbt.plugins.CorePlugin),Set(Atom(sbt.plugins.IvyPlugin))), Clause(Atom(sbt.plugins.IvyPlugin),Set(Atom(sbt.plugins.JvmPlugin))), Clause(Atom(sbt.plugins.JvmPlugin),Set(Atom(sbt.plugins.JUnitXmlReportPlugin))), Clause(And(Set(Atom(sbt.plugins.JvmPlugin), Atom(sbt.plugins.BackgroundRunPlugin))),Set(Atom(com.typesafe.sbt.SbtEcho))), Clause(Atom(sbt.plugins.JvmPlugin),Set(Atom(sbt.plugins.BackgroundRunPlugin))), Clause(Atom(sbt.plugins.CorePlugin),Set(Atom(sbt.plugins.InteractionServicePlugin))), Clause(Atom(sbt.plugins.CorePlugin),Set(Atom(sbt.plugins.SendEventServicePlugin))), Clause(Atom(sbt.plugins.CorePlugin),Set(Atom(sbt.plugins.SerializersPlugin))), Clause(And(Set(Atom(sbt.plugins.BackgroundRunPlugin), Atom(play.Play), Atom(sbt.plugins.SerializersPlugin))),Set(Atom(play.sbt.forkrun.PlayForkRun))), Clause(Atom(com.typesafe.sbt.web.SbtWeb),Set(Atom(com.typesafe.sbt.jse.SbtJsEngine))), Clause(Atom(com.typesafe.sbt.jse.SbtJsEngine),Set(Atom(com.typesafe.sbt.jse.SbtJsTask))), Clause(Atom(com.typesafe.sbt.web.SbtWeb),Set(Atom(com.typesafe.sbt.webdriver.SbtWebDriver))), Clause(Atom(com.typesafe.sbt.jse.SbtJsTask),Set(Atom(com.typesafe.sbt.coffeescript.SbtCoffeeScript))), Clause(Atom(com.typesafe.sbt.jse.SbtJsTask),Set(Atom(com.typesafe.sbt.less.SbtLess))), Clause(Atom(com.typesafe.sbt.jse.SbtJsTask),Set(Atom(com.typesafe.sbt.jshint.SbtJSHint))), Clause(Atom(com.typesafe.sbt.jse.SbtJsTask),Set(Atom(com.typesafe.sbt.rjs.SbtRjs))), Clause(Atom(com.typesafe.sbt.web.SbtWeb),Set(Atom(com.typesafe.sbt.digest.SbtDigest))), Clause(Atom(com.typesafe.sbt.jse.SbtJsTask),Set(Atom(com.typesafe.sbt.mocha.SbtMocha)))))
  :: deduced result: Matched(sbt.plugins.CorePlugin,play.PlayJava,sbt.plugins.InteractionServicePlugin,sbt.plugins.SendEventServicePlugin,play.Play,sbt.plugins.SerializersPlugin,sbt.plugins.IvyPlugin,sbt.plugins.JvmPlugin,com.typesafe.sbt.jse.SbtJsTask,play.twirl.sbt.SbtTwirl,com.typesafe.sbt.webdriver.SbtWebDriver,com.typesafe.sbt.jshint.SbtJSHint,sbt.plugins.JUnitXmlReportPlugin,com.typesafe.sbt.mocha.SbtMocha,com.typesafe.sbt.less.SbtLess,com.typesafe.sbt.web.SbtWeb,com.typesafe.sbt.rjs.SbtRjs,com.typesafe.sbt.jse.SbtJsEngine,com.typesafe.sbt.coffeescript.SbtCoffeeScript,sbt.plugins.BackgroundRunPlugin,com.typesafe.sbt.digest.SbtDigest,play.sbt.forkrun.PlayForkRun,com.typesafe.sbt.SbtEcho)
sorting: ns: List(sbt.plugins.CorePlugin, play.PlayJava, sbt.plugins.InteractionServicePlugin, sbt.plugins.SendEventServicePlugin, play.Play, sbt.plugins.SerializersPlugin, sbt.plugins.IvyPlugin, sbt.plugins.JvmPlugin, com.typesafe.sbt.jse.SbtJsTask, play.twirl.sbt.SbtTwirl, com.typesafe.sbt.webdriver.SbtWebDriver, com.typesafe.sbt.jshint.SbtJSHint, sbt.plugins.JUnitXmlReportPlugin, com.typesafe.sbt.mocha.SbtMocha, com.typesafe.sbt.less.SbtLess, com.typesafe.sbt.web.SbtWeb, com.typesafe.sbt.rjs.SbtRjs, com.typesafe.sbt.jse.SbtJsEngine, com.typesafe.sbt.coffeescript.SbtCoffeeScript, sbt.plugins.BackgroundRunPlugin, com.typesafe.sbt.digest.SbtDigest, play.sbt.forkrun.PlayForkRun, com.typesafe.sbt.SbtEcho)
  :: sorting:: found: List(sbt.plugins.CorePlugin, com.typesafe.sbt.web.SbtWeb) not found List(play.PlayJava, sbt.plugins.InteractionServicePlugin, sbt.plugins.SendEventServicePlugin, play.Play, sbt.plugins.SerializersPlugin, sbt.plugins.IvyPlugin, sbt.plugins.JvmPlugin, com.typesafe.sbt.jse.SbtJsTask, play.twirl.sbt.SbtTwirl, com.typesafe.sbt.webdriver.SbtWebDriver, com.typesafe.sbt.jshint.SbtJSHint, sbt.plugins.JUnitXmlReportPlugin, com.typesafe.sbt.mocha.SbtMocha, com.typesafe.sbt.less.SbtLess, com.typesafe.sbt.rjs.SbtRjs, com.typesafe.sbt.jse.SbtJsEngine, com.typesafe.sbt.coffeescript.SbtCoffeeScript, sbt.plugins.BackgroundRunPlugin, com.typesafe.sbt.digest.SbtDigest, play.sbt.forkrun.PlayForkRun, com.typesafe.sbt.SbtEcho)
  :: sorting:: found: List(sbt.plugins.CorePlugin, com.typesafe.sbt.web.SbtWeb, sbt.plugins.InteractionServicePlugin, sbt.plugins.SendEventServicePlugin, sbt.plugins.SerializersPlugin, sbt.plugins.IvyPlugin, com.typesafe.sbt.webdriver.SbtWebDriver, com.typesafe.sbt.jse.SbtJsEngine, com.typesafe.sbt.digest.SbtDigest) not found List(play.PlayJava, play.Play, sbt.plugins.JvmPlugin, com.typesafe.sbt.jse.SbtJsTask, play.twirl.sbt.SbtTwirl, com.typesafe.sbt.jshint.SbtJSHint, sbt.plugins.JUnitXmlReportPlugin, com.typesafe.sbt.mocha.SbtMocha, com.typesafe.sbt.less.SbtLess, com.typesafe.sbt.rjs.SbtRjs, com.typesafe.sbt.coffeescript.SbtCoffeeScript, sbt.plugins.BackgroundRunPlugin, play.sbt.forkrun.PlayForkRun, com.typesafe.sbt.SbtEcho)
  :: sorting:: found: List(sbt.plugins.CorePlugin, com.typesafe.sbt.web.SbtWeb, sbt.plugins.InteractionServicePlugin, sbt.plugins.SendEventServicePlugin, sbt.plugins.SerializersPlugin, sbt.plugins.IvyPlugin, com.typesafe.sbt.webdriver.SbtWebDriver, com.typesafe.sbt.jse.SbtJsEngine, com.typesafe.sbt.digest.SbtDigest, sbt.plugins.JvmPlugin, com.typesafe.sbt.jse.SbtJsTask) not found List(play.PlayJava, play.Play, play.twirl.sbt.SbtTwirl, com.typesafe.sbt.jshint.SbtJSHint, sbt.plugins.JUnitXmlReportPlugin, com.typesafe.sbt.mocha.SbtMocha, com.typesafe.sbt.less.SbtLess, com.typesafe.sbt.rjs.SbtRjs, com.typesafe.sbt.coffeescript.SbtCoffeeScript, sbt.plugins.BackgroundRunPlugin, play.sbt.forkrun.PlayForkRun, com.typesafe.sbt.SbtEcho)
  :: sorting:: found: List(sbt.plugins.CorePlugin, com.typesafe.sbt.web.SbtWeb, sbt.plugins.InteractionServicePlugin, sbt.plugins.SendEventServicePlugin, sbt.plugins.SerializersPlugin, sbt.plugins.IvyPlugin, com.typesafe.sbt.webdriver.SbtWebDriver, com.typesafe.sbt.jse.SbtJsEngine, com.typesafe.sbt.digest.SbtDigest, sbt.plugins.JvmPlugin, com.typesafe.sbt.jse.SbtJsTask, play.twirl.sbt.SbtTwirl, com.typesafe.sbt.jshint.SbtJSHint, sbt.plugins.JUnitXmlReportPlugin, com.typesafe.sbt.mocha.SbtMocha, com.typesafe.sbt.less.SbtLess, com.typesafe.sbt.rjs.SbtRjs, com.typesafe.sbt.coffeescript.SbtCoffeeScript, sbt.plugins.BackgroundRunPlugin) not found List(play.PlayJava, play.Play, play.sbt.forkrun.PlayForkRun, com.typesafe.sbt.SbtEcho)
  :: sorting:: found: List(sbt.plugins.CorePlugin, com.typesafe.sbt.web.SbtWeb, sbt.plugins.InteractionServicePlugin, sbt.plugins.SendEventServicePlugin, sbt.plugins.SerializersPlugin, sbt.plugins.IvyPlugin, com.typesafe.sbt.webdriver.SbtWebDriver, com.typesafe.sbt.jse.SbtJsEngine, com.typesafe.sbt.digest.SbtDigest, sbt.plugins.JvmPlugin, com.typesafe.sbt.jse.SbtJsTask, play.twirl.sbt.SbtTwirl, com.typesafe.sbt.jshint.SbtJSHint, sbt.plugins.JUnitXmlReportPlugin, com.typesafe.sbt.mocha.SbtMocha, com.typesafe.sbt.less.SbtLess, com.typesafe.sbt.rjs.SbtRjs, com.typesafe.sbt.coffeescript.SbtCoffeeScript, sbt.plugins.BackgroundRunPlugin, play.Play, com.typesafe.sbt.SbtEcho) not found List(play.PlayJava, play.sbt.forkrun.PlayForkRun)
  :: sorting:: found: List(sbt.plugins.CorePlugin, com.typesafe.sbt.web.SbtWeb, sbt.plugins.InteractionServicePlugin, sbt.plugins.SendEventServicePlugin, sbt.plugins.SerializersPlugin, sbt.plugins.IvyPlugin, com.typesafe.sbt.webdriver.SbtWebDriver, com.typesafe.sbt.jse.SbtJsEngine, com.typesafe.sbt.digest.SbtDigest, sbt.plugins.JvmPlugin, com.typesafe.sbt.jse.SbtJsTask, play.twirl.sbt.SbtTwirl, com.typesafe.sbt.jshint.SbtJSHint, sbt.plugins.JUnitXmlReportPlugin, com.typesafe.sbt.mocha.SbtMocha, com.typesafe.sbt.less.SbtLess, com.typesafe.sbt.rjs.SbtRjs, com.typesafe.sbt.coffeescript.SbtCoffeeScript, sbt.plugins.BackgroundRunPlugin, play.Play, com.typesafe.sbt.SbtEcho, play.PlayJava, play.sbt.forkrun.PlayForkRun) not found List()
  :: sorted deduced result: List(sbt.plugins.CorePlugin, com.typesafe.sbt.web.SbtWeb, sbt.plugins.InteractionServicePlugin, sbt.plugins.SendEventServicePlugin, sbt.plugins.SerializersPlugin, sbt.plugins.IvyPlugin, com.typesafe.sbt.webdriver.SbtWebDriver, com.typesafe.sbt.jse.SbtJsEngine, com.typesafe.sbt.digest.SbtDigest, sbt.plugins.JvmPlugin, com.typesafe.sbt.jse.SbtJsTask, play.twirl.sbt.SbtTwirl, com.typesafe.sbt.jshint.SbtJSHint, sbt.plugins.JUnitXmlReportPlugin, com.typesafe.sbt.mocha.SbtMocha, com.typesafe.sbt.less.SbtLess, com.typesafe.sbt.rjs.SbtRjs, com.typesafe.sbt.coffeescript.SbtCoffeeScript, sbt.plugins.BackgroundRunPlugin, play.Play, com.typesafe.sbt.SbtEcho, play.PlayJava, play.sbt.forkrun.PlayForkRun)
[Loading] Done in /Users/javiercruz/Documents/UNIVERSIDAD/INTERPRETES/FacturacionElectronica3P/FacturacionElectronica3P/FacturacionElectronica3P/FacturacionElectronicaProyecto, returning: (root)
Set current project to FacturacionElectronicaProyecto (in build file:/Users/javiercruz/Documents/UNIVERSIDAD/INTERPRETES/FacturacionElectronica3P/FacturacionElectronica3P/FacturacionElectronica3P/FacturacionElectronicaProyecto/)
Reapplying settings...
Set current project to FacturacionElectronicaProyecto (in build file:/Users/javiercruz/Documents/UNIVERSIDAD/INTERPRETES/FacturacionElectronica3P/FacturacionElectronica3P/FacturacionElectronica3P/FacturacionElectronicaProyecto/)
> iflast shell
> server-send-ready-for-request
> server-handle-next-server-request
> {file:/Users/javiercruz/Documents/UNIVERSIDAD/INTERPRETES/FacturacionElectronica3P/FacturacionElectronica3P/FacturacionElectronica3P/FacturacionElectronicaProyecto/}root/compile:discoveredMainClasses
Evaluating tasks: compile:discoveredMainClasses
Running task... Cancel: sbt.server.ServerTaskCancellation@6884bef, check cycles: false

Initial source changes: 
	removed:Set()
	added: Set()
	modified: Set()
Removed products: Set()
External API changes: API Changes: Set()
Modified binary dependencies: Set()
Initial directly invalidated sources: Set()

Sources indirectly invalidated by:
	product: Set()
	binary dep: Set()
	external source: Set()
All initially invalidated sources: Set()

Total time: 3 s, completed 1/06/2015 12:39:42 AM
> server-post-command-cleanup
> server-handle-next-server-request
> {file:/Users/javiercruz/Documents/UNIVERSIDAD/INTERPRETES/FacturacionElectronica3P/FacturacionElectronica3P/FacturacionElectronica3P/FacturacionElectronicaProyecto/}root/compile:mainClass
Evaluating tasks: compile:mainClass
Running task... Cancel: sbt.server.ServerTaskCancellation@7f008ca6, check cycles: false
Total time: 0 s, completed 1/06/2015 12:39:43 AM
> server-post-command-cleanup
> server-handle-next-server-request
> {file:/Users/javiercruz/Documents/UNIVERSIDAD/INTERPRETES/FacturacionElectronica3P/FacturacionElectronica3P/FacturacionElectronica3P/FacturacionElectronicaProyecto/}root/echo:echoTraceSupported
Evaluating tasks: echo:echoTraceSupported
Running task... Cancel: sbt.server.ServerTaskCancellation@237ffec5, check cycles: false
Total time: 0 s, completed 1/06/2015 12:39:43 AM
> server-post-command-cleanup
> server-handle-next-server-request
> {file:/Users/javiercruz/Documents/UNIVERSIDAD/INTERPRETES/FacturacionElectronica3P/FacturacionElectronica3P/FacturacionElectronica3P/FacturacionElectronicaProyecto/}root/echo:echoPlayVersionReport
Evaluating tasks: echo:echoPlayVersionReport
Running task... Cancel: sbt.server.ServerTaskCancellation@6056fe40, check cycles: false
Total time: 0 s, completed 1/06/2015 12:39:43 AM
> server-post-command-cleanup
> server-handle-next-server-request
> {file:/Users/javiercruz/Documents/UNIVERSIDAD/INTERPRETES/FacturacionElectronica3P/FacturacionElectronica3P/FacturacionElectronica3P/FacturacionElectronicaProyecto/}root/echo:echoAkkaVersionReport
Evaluating tasks: echo:echoAkkaVersionReport
Running task... Cancel: sbt.server.ServerTaskCancellation@7c2260b1, check cycles: false
Total time: 0 s, completed 1/06/2015 12:39:43 AM
> server-post-command-cleanup
> server-handle-next-server-request
> {file:/Users/javiercruz/Documents/UNIVERSIDAD/INTERPRETES/FacturacionElectronica3P/FacturacionElectronica3P/FacturacionElectronica3P/FacturacionElectronicaProyecto/}root/compile:discoveredMainClasses
Evaluating tasks: compile:discoveredMainClasses
Running task... Cancel: sbt.server.ServerTaskCancellation@1cc3107e, check cycles: false

Initial source changes: 
	removed:Set()
	added: Set()
	modified: Set()
Removed products: Set()
External API changes: API Changes: Set()
Modified binary dependencies: Set()
Initial directly invalidated sources: Set()

Sources indirectly invalidated by:
	product: Set()
	binary dep: Set()
	external source: Set()
All initially invalidated sources: Set()

Total time: 1 s, completed 1/06/2015 12:39:44 AM
> server-post-command-cleanup
> server-handle-next-server-request
> {file:/Users/javiercruz/Documents/UNIVERSIDAD/INTERPRETES/FacturacionElectronica3P/FacturacionElectronica3P/FacturacionElectronica3P/FacturacionElectronicaProyecto/}root/echo:echoAkkaVersionReport
Evaluating tasks: echo:echoAkkaVersionReport
Running task... Cancel: sbt.server.ServerTaskCancellation@2b45e3f, check cycles: false
Total time: 0 s, completed 1/06/2015 12:39:44 AM
> server-post-command-cleanup
> server-handle-next-server-request
> {file:/Users/javiercruz/Documents/UNIVERSIDAD/INTERPRETES/FacturacionElectronica3P/FacturacionElectronica3P/FacturacionElectronica3P/FacturacionElectronicaProyecto/}root/compile:discoveredMainClasses
Evaluating tasks: compile:discoveredMainClasses
Running task... Cancel: sbt.server.ServerTaskCancellation@248d8be7, check cycles: false

Initial source changes: 
	removed:Set()
	added: Set()
	modified: Set()
Removed products: Set()
External API changes: API Changes: Set()
Modified binary dependencies: Set()
Initial directly invalidated sources: Set()

Sources indirectly invalidated by:
	product: Set()
	binary dep: Set()
	external source: Set()
All initially invalidated sources: Set()

Total time: 1 s, completed 1/06/2015 12:39:45 AM
> server-post-command-cleanup
> server-handle-next-server-request
> {file:/Users/javiercruz/Documents/UNIVERSIDAD/INTERPRETES/FacturacionElectronica3P/FacturacionElectronica3P/FacturacionElectronica3P/FacturacionElectronicaProyecto/}root/compile:mainClass
Evaluating tasks: compile:mainClass
Running task... Cancel: sbt.server.ServerTaskCancellation@70b871dd, check cycles: false
Total time: 0 s, completed 1/06/2015 12:39:45 AM
> server-post-command-cleanup
> server-handle-next-server-request
> {file:/Users/javiercruz/Documents/UNIVERSIDAD/INTERPRETES/FacturacionElectronica3P/FacturacionElectronica3P/FacturacionElectronica3P/FacturacionElectronicaProyecto/}root/echo:echoTraceSupported
Evaluating tasks: echo:echoTraceSupported
Running task... Cancel: sbt.server.ServerTaskCancellation@7823bed6, check cycles: false
Total time: 0 s, completed 1/06/2015 12:39:45 AM
> server-post-command-cleanup
> server-handle-next-server-request
> {file:/Users/javiercruz/Documents/UNIVERSIDAD/INTERPRETES/FacturacionElectronica3P/FacturacionElectronica3P/FacturacionElectronica3P/FacturacionElectronicaProyecto/}root/echo:echoPlayVersionReport
Evaluating tasks: echo:echoPlayVersionReport
Running task... Cancel: sbt.server.ServerTaskCancellation@61c6c7d3, check cycles: false
Total time: 0 s, completed 1/06/2015 12:39:45 AM
> server-post-command-cleanup
> server-handle-next-server-request
> backgroundRun
Evaluating tasks: compile:backgroundRun
Running task... Cancel: sbt.server.ServerTaskCancellation@3800c0b1, check cycles: false
Total time: 0 s, completed 1/06/2015 12:40:03 AM
> server-post-command-cleanup
> server-handle-next-server-request
> {file:/Users/javiercruz/Documents/UNIVERSIDAD/INTERPRETES/FacturacionElectronica3P/FacturacionElectronica3P/FacturacionElectronica3P/FacturacionElectronicaProyecto/}root/*:playForkConfig
Evaluating tasks: *:playForkConfig
Running task... Cancel: sbt.server.ServerTaskCancellation@d437af0, check cycles: false
Total time: 1 s, completed 1/06/2015 12:40:10 AM
> server-post-command-cleanup
> server-handle-next-server-request
> root/playForkNotifyStart http://localhost:9000
Evaluating tasks: *:playForkNotifyStart
Running task... Cancel: sbt.server.ServerTaskCancellation@5b86b866, check cycles: false
Total time: 0 s, completed 1/06/2015 12:40:13 AM
> server-post-command-cleanup
> server-handle-next-server-request
> {file:/Users/javiercruz/Documents/UNIVERSIDAD/INTERPRETES/FacturacionElectronica3P/FacturacionElectronica3P/FacturacionElectronica3P/FacturacionElectronicaProyecto/}root/*:playForkReload
Evaluating tasks: *:playForkReload
Running task... Cancel: sbt.server.ServerTaskCancellation@1c507a39, check cycles: false

Initial source changes: 
	removed:Set()
	added: Set()
	modified: Set()
Removed products: Set()
External API changes: API Changes: Set()
Modified binary dependencies: Set()
Initial directly invalidated sources: Set()

Sources indirectly invalidated by:
	product: Set()
	binary dep: Set()
	external source: Set()
All initially invalidated sources: Set()

Copy resource mappings: 
	(/Users/javiercruz/Documents/UNIVERSIDAD/INTERPRETES/FacturacionElectronica3P/FacturacionElectronica3P/FacturacionElectronica3P/FacturacionElectronicaProyecto/conf/application.conf,/Users/javiercruz/Documents/UNIVERSIDAD/INTERPRETES/FacturacionElectronica3P/FacturacionElectronica3P/FacturacionElectronica3P/FacturacionElectronicaProyecto/target/scala-2.11/classes/application.conf)
	(/Users/javiercruz/Documents/UNIVERSIDAD/INTERPRETES/FacturacionElectronica3P/FacturacionElectronica3P/FacturacionElectronica3P/FacturacionElectronicaProyecto/conf/evolutions,/Users/javiercruz/Documents/UNIVERSIDAD/INTERPRETES/FacturacionElectronica3P/FacturacionElectronica3P/FacturacionElectronica3P/FacturacionElectronicaProyecto/target/scala-2.11/classes/evolutions)
	(/Users/javiercruz/Documents/UNIVERSIDAD/INTERPRETES/FacturacionElectronica3P/FacturacionElectronica3P/FacturacionElectronica3P/FacturacionElectronicaProyecto/conf/routes,/Users/javiercruz/Documents/UNIVERSIDAD/INTERPRETES/FacturacionElectronica3P/FacturacionElectronica3P/FacturacionElectronica3P/FacturacionElectronicaProyecto/target/scala-2.11/classes/routes)
	(/Users/javiercruz/Documents/UNIVERSIDAD/INTERPRETES/FacturacionElectronica3P/FacturacionElectronica3P/FacturacionElectronica3P/FacturacionElectronicaProyecto/conf/evolutions/default,/Users/javiercruz/Documents/UNIVERSIDAD/INTERPRETES/FacturacionElectronica3P/FacturacionElectronica3P/FacturacionElectronica3P/FacturacionElectronicaProyecto/target/scala-2.11/classes/evolutions/default)
	(/Users/javiercruz/Documents/UNIVERSIDAD/INTERPRETES/FacturacionElectronica3P/FacturacionElectronica3P/FacturacionElectronica3P/FacturacionElectronicaProyecto/conf/evolutions/default/1.sql,/Users/javiercruz/Documents/UNIVERSIDAD/INTERPRETES/FacturacionElectronica3P/FacturacionElectronica3P/FacturacionElectronica3P/FacturacionElectronicaProyecto/target/scala-2.11/classes/evolutions/default/1.sql)
Total time: 2 s, completed 1/06/2015 12:40:24 AM
> server-post-command-cleanup
> server-handle-next-server-request
> compile
Evaluating tasks: compile:compile
Running task... Cancel: sbt.server.ServerTaskCancellation@4292a2ab, check cycles: false

Initial source changes: 
	removed:Set()
	added: Set()
	modified: Set(/Users/javiercruz/Documents/UNIVERSIDAD/INTERPRETES/FacturacionElectronica3P/FacturacionElectronica3P/FacturacionElectronica3P/FacturacionElectronicaProyecto/app/controllers/Application.java)
Removed products: Set()
External API changes: API Changes: Set()
Modified binary dependencies: Set()
Initial directly invalidated sources: Set(/Users/javiercruz/Documents/UNIVERSIDAD/INTERPRETES/FacturacionElectronica3P/FacturacionElectronica3P/FacturacionElectronica3P/FacturacionElectronicaProyecto/app/controllers/Application.java)

Sources indirectly invalidated by:
	product: Set()
	binary dep: Set()
	external source: Set()
All initially invalidated sources: Set(/Users/javiercruz/Documents/UNIVERSIDAD/INTERPRETES/FacturacionElectronica3P/FacturacionElectronica3P/FacturacionElectronica3P/FacturacionElectronicaProyecto/app/controllers/Application.java)

Read from stdout: Compiling 1 Java source to /Users/javiercruz/Documents/UNIVERSIDAD/INTERPRETES/FacturacionElectronica3P/FacturacionElectronica3P/FacturacionElectronica3P/FacturacionElectronicaProyecto/target/scala-2.11/classes...
Compiling 1 Java source to /Users/javiercruz/Documents/UNIVERSIDAD/INTERPRETES/FacturacionElectronica3P/FacturacionElectronica3P/FacturacionElectronica3P/FacturacionElectronicaProyecto/target/scala-2.11/classes...
Attempting to call com.sun.tools.javac.api.JavacTool@386fff5c directly...
Java compilation took 1.230441646 s
Java analysis took 0.430400096 s
Java compile + analysis took 1.69802746 s
New invalidations:
	Set()
Initial set of included nodes: Set()
Previously invalidated, but (transitively) depend on new invalidations:
	Set()
All newly invalidated sources after taking into account (previously) recompiled sources:Set()
Total time: 4 s, completed 1/06/2015 12:42:04 AM
> server-post-command-cleanup
> server-handle-next-server-request
> compile
Evaluating tasks: compile:compile
Running task... Cancel: sbt.server.ServerTaskCancellation@50648a48, check cycles: false

Initial source changes: 
	removed:Set()
	added: Set()
	modified: Set()
Removed products: Set()
External API changes: API Changes: Set()
Modified binary dependencies: Set()
Initial directly invalidated sources: Set()

Sources indirectly invalidated by:
	product: Set()
	binary dep: Set()
	external source: Set()
All initially invalidated sources: Set()

Total time: 1 s, completed 1/06/2015 12:42:05 AM
> server-post-command-cleanup
> server-handle-next-server-request
> {file:/Users/javiercruz/Documents/UNIVERSIDAD/INTERPRETES/FacturacionElectronica3P/FacturacionElectronica3P/FacturacionElectronica3P/FacturacionElectronicaProyecto/}root/*:playForkReload
Evaluating tasks: *:playForkReload
Running task... Cancel: sbt.server.ServerTaskCancellation@7ab995be, check cycles: false

Initial source changes: 
	removed:Set()
	added: Set()
	modified: Set()
Removed products: Set()
External API changes: API Changes: Set()
Modified binary dependencies: Set()
Initial directly invalidated sources: Set()

Sources indirectly invalidated by:
	product: Set()
	binary dep: Set()
	external source: Set()
All initially invalidated sources: Set()

Copy resource mappings: 
	(/Users/javiercruz/Documents/UNIVERSIDAD/INTERPRETES/FacturacionElectronica3P/FacturacionElectronica3P/FacturacionElectronica3P/FacturacionElectronicaProyecto/conf/application.conf,/Users/javiercruz/Documents/UNIVERSIDAD/INTERPRETES/FacturacionElectronica3P/FacturacionElectronica3P/FacturacionElectronica3P/FacturacionElectronicaProyecto/target/scala-2.11/classes/application.conf)
	(/Users/javiercruz/Documents/UNIVERSIDAD/INTERPRETES/FacturacionElectronica3P/FacturacionElectronica3P/FacturacionElectronica3P/FacturacionElectronicaProyecto/conf/evolutions,/Users/javiercruz/Documents/UNIVERSIDAD/INTERPRETES/FacturacionElectronica3P/FacturacionElectronica3P/FacturacionElectronica3P/FacturacionElectronicaProyecto/target/scala-2.11/classes/evolutions)
	(/Users/javiercruz/Documents/UNIVERSIDAD/INTERPRETES/FacturacionElectronica3P/FacturacionElectronica3P/FacturacionElectronica3P/FacturacionElectronicaProyecto/conf/routes,/Users/javiercruz/Documents/UNIVERSIDAD/INTERPRETES/FacturacionElectronica3P/FacturacionElectronica3P/FacturacionElectronica3P/FacturacionElectronicaProyecto/target/scala-2.11/classes/routes)
	(/Users/javiercruz/Documents/UNIVERSIDAD/INTERPRETES/FacturacionElectronica3P/FacturacionElectronica3P/FacturacionElectronica3P/FacturacionElectronicaProyecto/conf/evolutions/default,/Users/javiercruz/Documents/UNIVERSIDAD/INTERPRETES/FacturacionElectronica3P/FacturacionElectronica3P/FacturacionElectronica3P/FacturacionElectronicaProyecto/target/scala-2.11/classes/evolutions/default)
	(/Users/javiercruz/Documents/UNIVERSIDAD/INTERPRETES/FacturacionElectronica3P/FacturacionElectronica3P/FacturacionElectronica3P/FacturacionElectronicaProyecto/conf/evolutions/default/1.sql,/Users/javiercruz/Documents/UNIVERSIDAD/INTERPRETES/FacturacionElectronica3P/FacturacionElectronica3P/FacturacionElectronica3P/FacturacionElectronicaProyecto/target/scala-2.11/classes/evolutions/default/1.sql)
Total time: 2 s, completed 1/06/2015 12:42:06 AM
> server-post-command-cleanup
> server-handle-next-server-request
